2025/03/21 10:43:35 - 板卡消息 - INFO      - BST21206_02_1553B 板卡打开成功
2025/03/21 10:43:35 - 板卡消息 - INFO      - BST21206_02_1553B 板卡复位成功
2025/03/21 10:43:36 - 板卡消息 - INFO      - BST21206_02_1553B 板卡复位成功
2025/03/21 10:43:36 - 板卡消息 - INFO      - BST21206_02_1553B 板卡关闭成功
2025/03/21 10:45:13 - 板卡消息 - INFO      - BST21206_02_1553B 板卡打开成功
2025/03/21 10:45:14 - 板卡消息 - INFO      - BST21206_02_1553B 板卡复位成功
2025/03/21 10:45:23 - 板卡消息 - INFO      - BST21206_02_1553B 板卡复位成功
2025/03/21 10:45:23 - 板卡消息 - INFO      - BST21206_02_1553B 板卡关闭成功
2025/03/21 10:46:02 - 板卡消息 - INFO      - BST21206_02_1553B 板卡打开成功
2025/03/21 10:46:02 - 板卡消息 - INFO      - BST21206_02_1553B 板卡复位成功
2025/03/21 10:46:06 - 板卡消息 - INFO      - BST21206_02_1553B 板卡复位成功
2025/03/21 10:46:06 - 板卡消息 - INFO      - BST21206_02_1553B 板卡关闭成功
2025/03/21 10:46:10 - 板卡消息 - INFO      - BST21206_02_1553B 板卡打开成功
2025/03/21 10:46:10 - 板卡消息 - INFO      - BST21206_02_1553B 板卡复位成功
2025/03/21 10:46:29 - 板卡消息 - INFO      - BST21206_02_1553B 板卡打开成功
2025/03/21 10:46:29 - 板卡消息 - INFO      - BST21206_02_1553B 板卡复位成功
2025/03/21 10:47:22 - 板卡消息 - INFO      - BST21206_02_1553B 板卡打开成功
2025/03/21 10:47:23 - 板卡消息 - INFO      - BST21206_02_1553B 板卡复位成功
2025/03/21 10:47:27 - 板卡消息 - INFO      - BST21206_02_1553B 板卡复位成功
2025/03/21 10:47:27 - 板卡消息 - INFO      - BST21206_02_1553B 板卡关闭成功
2025/03/21 10:48:02 - 板卡消息 - INFO      - BST22202_01_A429 板卡打开成功
2025/03/21 10:48:02 - 板卡消息 - INFO      - BST22202_01_A429 板卡复位成功
2025/03/21 10:48:02 - 板卡消息 - INFO      - BST22202_01_A429通道0 复位成功
2025/03/21 10:48:02 - 板卡消息 - INFO      - BST22202_01_A429 板卡发送成功
2025/03/21 10:49:11 - 板卡消息 - INFO      - BST22202_01_A429 板卡打开成功
2025/03/21 10:49:11 - 板卡消息 - INFO      - BST22202_01_A429 板卡复位成功
2025/03/21 10:49:11 - 板卡消息 - INFO      - BST22202_01_A429通道0 复位成功
2025/03/21 10:49:11 - 板卡消息 - INFO      - BST22202_01_A429 板卡发送成功
2025/03/21 10:50:51 - 板卡消息 - INFO      - BST35205 板卡打开成功
2025/03/21 10:50:51 - 板卡消息 - INFO      - BST35205通道0 闭合成功
2025/03/21 10:50:51 - 板卡消息 - INFO      - BST35205通道0 断开成功
2025/03/21 10:50:51 - 板卡消息 - INFO      - BST35205 板卡关闭成功
2025/03/21 10:51:27 - 板卡消息 - INFO      - 串口物理通道0:COM27打开成功
2025/03/21 10:51:27 - 板卡消息 - INFO      - 串口物理通道1:COM28打开成功
2025/03/21 10:51:27 - 板卡消息 - INFO      - 串口物理通道2:COM29打开成功
2025/03/21 10:51:27 - 板卡消息 - INFO      - 串口物理通道3:COM30打开成功
2025/03/21 10:51:27 - 板卡消息 - INFO      - 串口物理通道4:COM31打开成功
2025/03/21 10:51:27 - 板卡消息 - INFO      - 串口物理通道5:COM32打开成功
2025/03/21 10:51:27 - 板卡消息 - INFO      - 串口物理通道6:COM33打开成功
2025/03/21 10:51:27 - 板卡消息 - INFO      - 串口物理通道7:COM34打开成功
2025/03/21 10:51:27 - 板卡消息 - INFO      - 串口物理通道8:COM35打开成功
2025/03/21 10:51:27 - 板卡消息 - INFO      - 串口物理通道9:COM36打开成功
2025/03/21 10:51:27 - 板卡消息 - INFO      - 串口物理通道10:COM37打开成功
2025/03/21 10:51:27 - 板卡消息 - INFO      - 串口物理通道11:COM38打开成功
2025/03/21 10:51:27 - 板卡消息 - INFO      - 串口物理通道12:COM39打开成功
2025/03/21 10:51:27 - 板卡消息 - INFO      - 串口物理通道13:COM40打开成功
2025/03/21 10:51:27 - 板卡消息 - INFO      - 串口物理通道14:COM41打开成功
2025/03/21 10:51:27 - 板卡消息 - INFO      - 串口物理通道15:COM42打开成功
2025/03/21 10:51:27 - 板卡消息 - INFO      - 串口物理通道16:COM43打开成功
2025/03/21 10:51:27 - 板卡消息 - INFO      - 串口物理通道17:COM44打开成功
2025/03/21 10:51:27 - 板卡消息 - INFO      - 串口物理通道18:COM45打开成功
2025/03/21 10:51:27 - 板卡消息 - INFO      - 串口物理通道19:COM46打开成功
2025/03/21 10:51:27 - 板卡消息 - INFO      - 串口物理通道20:COM47打开成功
2025/03/21 10:51:27 - 板卡消息 - INFO      - 串口物理通道21:COM48打开成功
2025/03/21 10:51:27 - 板卡消息 - INFO      - 串口物理通道22:COM49打开成功
2025/03/21 10:51:27 - 板卡消息 - INFO      - 串口物理通道23:COM50打开成功
2025/03/21 10:51:27 - 板卡消息 - INFO      - 串口物理通道0:COM27关闭成功
2025/03/21 10:51:27 - 板卡消息 - INFO      - 串口物理通道1:COM28关闭成功
2025/03/21 10:51:27 - 板卡消息 - INFO      - 串口物理通道2:COM29关闭成功
2025/03/21 10:51:27 - 板卡消息 - INFO      - 串口物理通道3:COM30关闭成功
2025/03/21 10:51:27 - 板卡消息 - INFO      - 串口物理通道4:COM31关闭成功
2025/03/21 10:51:27 - 板卡消息 - INFO      - 串口物理通道5:COM32关闭成功
2025/03/21 10:51:27 - 板卡消息 - INFO      - 串口物理通道6:COM33关闭成功
2025/03/21 10:51:27 - 板卡消息 - INFO      - 串口物理通道7:COM34关闭成功
2025/03/21 10:51:27 - 板卡消息 - INFO      - 串口物理通道8:COM35关闭成功
2025/03/21 10:51:27 - 板卡消息 - INFO      - 串口物理通道9:COM36关闭成功
2025/03/21 10:51:27 - 板卡消息 - INFO      - 串口物理通道10:COM37关闭成功
2025/03/21 10:51:27 - 板卡消息 - INFO      - 串口物理通道11:COM38关闭成功
2025/03/21 10:51:27 - 板卡消息 - INFO      - 串口物理通道12:COM39关闭成功
2025/03/21 10:51:27 - 板卡消息 - INFO      - 串口物理通道13:COM40关闭成功
2025/03/21 10:51:27 - 板卡消息 - INFO      - 串口物理通道14:COM41关闭成功
2025/03/21 10:51:27 - 板卡消息 - INFO      - 串口物理通道15:COM42关闭成功
2025/03/21 10:51:27 - 板卡消息 - INFO      - 串口物理通道16:COM43关闭成功
2025/03/21 10:51:27 - 板卡消息 - INFO      - 串口物理通道17:COM44关闭成功
2025/03/21 10:51:27 - 板卡消息 - INFO      - 串口物理通道18:COM45关闭成功
2025/03/21 10:51:27 - 板卡消息 - INFO      - 串口物理通道19:COM46关闭成功
2025/03/21 10:51:27 - 板卡消息 - INFO      - 串口物理通道20:COM47关闭成功
2025/03/21 10:51:27 - 板卡消息 - INFO      - 串口物理通道21:COM48关闭成功
2025/03/21 10:51:27 - 板卡消息 - INFO      - 串口物理通道22:COM49关闭成功
2025/03/21 10:51:27 - 板卡消息 - INFO      - 串口物理通道23:COM50关闭成功
2025/03/21 10:51:47 - 板卡消息 - INFO      - CHR42203_AO 打开成功
2025/03/21 10:51:47 - 板卡消息 - INFO      - CHR42203_AO 复位成功
2025/03/21 10:51:47 - 板卡消息 - INFO      - CHR42203_AO 获取硬件参数 620831761 成功 
2025/03/21 10:51:47 - 板卡消息 - INFO      - CHR42203_AO 输出 c_float(5.0)V 成功
2025/03/21 10:51:47 - 板卡消息 - INFO      - CHR42203_AO 复位成功
2025/03/21 10:51:47 - 板卡消息 - INFO      - CHR42203_AO 关闭成功
2025/03/21 10:52:02 - 板卡消息 - INFO      - Eph5033A 板卡打开成功
2025/03/21 10:52:02 - 板卡消息 - INFO      - Eph5033A 板卡读取2.2089542262256145V成功
2025/03/21 10:52:02 - 板卡消息 - INFO      - Eph5033A 板卡关闭成功
