2025/04/01 09:47:05 - 自动测试 - INFO      - 429状态:01状态
2025/04/01 09:47:11 - 自动测试 - INFO      - 开始测试
2025/04/01 09:47:11 - 自动测试 - INFO      - 执行测试步骤: LVDS视频测试准备
2025/04/01 09:47:11 - 自动测试 - ERROR     - Error executing step:LVDS视频测试准备- Missing or empty 'ch' attribute in step 'LVDS视频测试准备'
2025/04/01 09:47:13 - 自动测试 - INFO      - DELAY 2000 ms
2025/04/01 09:47:13 - 自动测试 - INFO      - 执行232发送10指令
2025/04/01 09:47:13 - 自动测试 - ERROR     - 232 communication error: Reply mismatch. Expected: Please input (0..3) :, Got: 
2025/04/01 09:47:13 - 自动测试 - INFO      - 执行232发送1指令
2025/04/01 09:47:13 - 自动测试 - ERROR     - 232 communication error: Reply mismatch. Expected: Please input (0..3) :, Got: 
2025/04/01 09:47:15 - 自动测试 - INFO      - DELAY 2000 ms
2025/04/01 09:47:15 - 自动测试 - INFO      - 测试执行步骤：LVDS-Map视频测试结果
2025/04/01 09:47:20 - 自动测试 - INFO      - DELAY 2000 ms
2025/04/01 09:47:20 - 自动测试 - INFO      - 执行232发送10指令
2025/04/01 09:47:20 - 自动测试 - ERROR     - 232 communication error: Reply mismatch. Expected: Please input (0..3) :, Got: 
2025/04/01 09:47:20 - 自动测试 - INFO      - 执行232发送2指令
2025/04/01 09:47:20 - 自动测试 - ERROR     - 232 communication error: Reply mismatch. Expected: Please input (0..3) :, Got: 
2025/04/01 09:47:20 - 自动测试 - INFO      - 测试执行步骤：LVDS-Video视频测试结果
2025/04/01 09:47:22 - 自动测试 - INFO      - DELAY 2000 ms
2025/04/01 09:47:22 - 自动测试 - INFO      - 执行232发送10指令
2025/04/01 09:47:22 - 自动测试 - ERROR     - 232 communication error: Reply mismatch. Expected: Please input (0..3) :, Got: 
2025/04/01 09:47:22 - 自动测试 - INFO      - 执行232发送3指令
2025/04/01 09:47:22 - 自动测试 - ERROR     - 232 communication error: Reply mismatch. Expected: Please input (0..3) :, Got: 
2025/04/01 09:47:22 - 自动测试 - INFO      - 测试执行步骤：LVDS-Color Bar视频测试结果
2025/04/01 09:47:24 - 自动测试 - INFO      - DELAY 2000 ms
2025/04/01 09:47:24 - 自动测试 - INFO      - 执行232发送0指令
2025/04/01 09:47:24 - 自动测试 - ERROR     - 232 communication error: Reply mismatch. Expected:    *   10-- VSM test       *     * * * * * * * * * * * * *         Please input (0..10) :, Got: 
2025/04/01 09:47:24 - 自动测试 - INFO      - 第 1 次测试执行完毕
2025/04/01 13:44:38 - 自动测试 - INFO      - 429状态:01状态
2025/04/01 13:44:46 - 自动测试 - INFO      - 开始测试
2025/04/01 13:44:46 - 自动测试 - INFO      - 执行测试步骤: LVDS视频测试准备
2025/04/01 13:44:46 - 自动测试 - ERROR     - Error executing step:LVDS视频测试准备- Missing or empty 'ch' attribute in step 'LVDS视频测试准备'
2025/04/01 13:44:48 - 自动测试 - INFO      - DELAY 2000 ms
2025/04/01 13:44:48 - 自动测试 - INFO      - 执行232发送10指令
2025/04/01 13:44:48 - 自动测试 - ERROR     - 232 communication error: Reply mismatch. Expected: Please input (0..3) :, Got: 
2025/04/01 13:44:48 - 自动测试 - INFO      - 执行232发送1指令
2025/04/01 13:44:48 - 自动测试 - ERROR     - 232 communication error: Reply mismatch. Expected: Please input (0..3) :, Got: 
2025/04/01 13:44:50 - 自动测试 - INFO      - DELAY 2000 ms
2025/04/01 13:44:50 - 自动测试 - INFO      - 测试执行步骤：LVDS-Map视频测试结果
2025/04/01 13:44:55 - 自动测试 - INFO      - DELAY 2000 ms
2025/04/01 13:44:55 - 自动测试 - INFO      - 执行232发送10指令
2025/04/01 13:44:55 - 自动测试 - ERROR     - 232 communication error: Reply mismatch. Expected: Please input (0..3) :, Got: 
2025/04/01 13:44:55 - 自动测试 - INFO      - 执行232发送2指令
2025/04/01 13:44:55 - 自动测试 - ERROR     - 232 communication error: Reply mismatch. Expected: Please input (0..3) :, Got: 
2025/04/01 13:44:55 - 自动测试 - INFO      - 测试执行步骤：LVDS-Video视频测试结果
2025/04/01 13:45:00 - 自动测试 - INFO      - DELAY 2000 ms
2025/04/01 13:45:00 - 自动测试 - INFO      - 执行232发送10指令
2025/04/01 13:45:00 - 自动测试 - ERROR     - 232 communication error: Reply mismatch. Expected: Please input (0..3) :, Got: 
2025/04/01 13:45:00 - 自动测试 - INFO      - 执行232发送3指令
2025/04/01 13:45:00 - 自动测试 - ERROR     - 232 communication error: Reply mismatch. Expected: Please input (0..3) :, Got: 
2025/04/01 13:45:00 - 自动测试 - INFO      - 测试执行步骤：LVDS-Color Bar视频测试结果
2025/04/01 13:45:03 - 自动测试 - INFO      - DELAY 2000 ms
2025/04/01 13:45:03 - 自动测试 - INFO      - 执行232发送0指令
2025/04/01 13:45:03 - 自动测试 - ERROR     - 232 communication error: Reply mismatch. Expected:    *   10-- VSM test       *     * * * * * * * * * * * * *         Please input (0..10) :, Got: 
2025/04/01 13:45:03 - 自动测试 - INFO      - 第 1 次测试执行完毕
2025/04/01 13:46:37 - 自动测试 - INFO      - 429状态:01状态
2025/04/01 13:46:40 - 自动测试 - INFO      - 开始测试
2025/04/01 13:46:40 - 自动测试 - INFO      - 执行测试步骤: LVDS视频测试准备
2025/04/01 13:46:40 - 自动测试 - ERROR     - Error executing step:LVDS视频测试准备- Missing or empty 'ch' attribute in step 'LVDS视频测试准备'
2025/04/01 13:46:42 - 自动测试 - INFO      - DELAY 2000 ms
2025/04/01 13:46:42 - 自动测试 - INFO      - 执行232发送10指令
2025/04/01 13:46:42 - 自动测试 - ERROR     - 232 communication error: Reply mismatch. Expected: Please input (0..3) :, Got: 
2025/04/01 13:46:42 - 自动测试 - INFO      - 执行232发送1指令
2025/04/01 13:46:42 - 自动测试 - ERROR     - 232 communication error: Reply mismatch. Expected: Please input (0..3) :, Got: 
2025/04/01 13:46:44 - 自动测试 - INFO      - DELAY 2000 ms
2025/04/01 13:46:44 - 自动测试 - INFO      - 测试执行步骤：LVDS-Map视频测试结果
2025/04/01 13:46:49 - 自动测试 - INFO      - DELAY 2000 ms
2025/04/01 13:46:49 - 自动测试 - INFO      - 执行232发送10指令
2025/04/01 13:46:49 - 自动测试 - ERROR     - 232 communication error: Reply mismatch. Expected: Please input (0..3) :, Got: 
2025/04/01 13:46:49 - 自动测试 - INFO      - 执行232发送2指令
2025/04/01 13:46:49 - 自动测试 - ERROR     - 232 communication error: Reply mismatch. Expected: Please input (0..3) :, Got: 
2025/04/01 13:46:49 - 自动测试 - INFO      - 测试执行步骤：LVDS-Video视频测试结果
2025/04/01 13:46:53 - 自动测试 - INFO      - DELAY 2000 ms
2025/04/01 13:46:53 - 自动测试 - INFO      - 执行232发送10指令
2025/04/01 13:46:53 - 自动测试 - ERROR     - 232 communication error: Reply mismatch. Expected: Please input (0..3) :, Got: 
2025/04/01 13:46:53 - 自动测试 - INFO      - 执行232发送3指令
2025/04/01 13:46:53 - 自动测试 - ERROR     - 232 communication error: Reply mismatch. Expected: Please input (0..3) :, Got: 
2025/04/01 13:46:53 - 自动测试 - INFO      - 测试执行步骤：LVDS-Color Bar视频测试结果
2025/04/01 13:48:30 - 自动测试 - INFO      - 429状态:01状态
2025/04/01 13:48:34 - 自动测试 - INFO      - 开始测试
2025/04/01 13:48:34 - 自动测试 - INFO      - 执行测试步骤: LVDS视频测试准备
2025/04/01 13:48:34 - 自动测试 - ERROR     - Error executing step:LVDS视频测试准备- Missing or empty 'ch' attribute in step 'LVDS视频测试准备'
2025/04/01 13:48:36 - 自动测试 - INFO      - DELAY 2000 ms
2025/04/01 13:48:36 - 自动测试 - INFO      - 执行232发送10指令
2025/04/01 13:48:36 - 自动测试 - ERROR     - 232 communication error: Reply mismatch. Expected: Please input (0..3) :, Got: 
2025/04/01 13:48:36 - 自动测试 - INFO      - 执行232发送1指令
2025/04/01 13:48:36 - 自动测试 - ERROR     - 232 communication error: Reply mismatch. Expected: Please input (0..3) :, Got: 
2025/04/01 13:48:38 - 自动测试 - INFO      - DELAY 2000 ms
2025/04/01 13:48:38 - 自动测试 - INFO      - 测试执行步骤：LVDS-Map视频测试结果
2025/04/01 13:48:42 - 自动测试 - INFO      - DELAY 2000 ms
2025/04/01 13:48:42 - 自动测试 - INFO      - 执行232发送10指令
2025/04/01 13:48:42 - 自动测试 - ERROR     - 232 communication error: Reply mismatch. Expected: Please input (0..3) :, Got: 
2025/04/01 13:48:42 - 自动测试 - INFO      - 执行232发送2指令
2025/04/01 13:48:42 - 自动测试 - ERROR     - 232 communication error: Reply mismatch. Expected: Please input (0..3) :, Got: 
2025/04/01 13:48:42 - 自动测试 - INFO      - 测试执行步骤：LVDS-Video视频测试结果
2025/04/01 13:48:46 - 自动测试 - INFO      - DELAY 2000 ms
2025/04/01 13:48:46 - 自动测试 - INFO      - 执行232发送10指令
2025/04/01 13:48:46 - 自动测试 - ERROR     - 232 communication error: Reply mismatch. Expected: Please input (0..3) :, Got: 
2025/04/01 13:48:46 - 自动测试 - INFO      - 执行232发送3指令
2025/04/01 13:48:46 - 自动测试 - ERROR     - 232 communication error: Reply mismatch. Expected: Please input (0..3) :, Got: 
2025/04/01 13:48:46 - 自动测试 - INFO      - 测试执行步骤：LVDS-Color Bar视频测试结果
2025/04/01 13:57:48 - 自动测试 - INFO      - 429状态:01状态
2025/04/01 14:34:17 - 自动测试 - INFO      - 429状态:01状态
2025/04/01 14:36:55 - 自动测试 - INFO      - 429状态:01状态
2025/04/01 14:37:00 - 自动测试 - INFO      - 开始测试
2025/04/01 14:37:00 - 自动测试 - INFO      - 执行测试步骤: LVDS视频测试准备
2025/04/01 14:37:00 - 自动测试 - ERROR     - Error executing step:LVDS视频测试准备- Missing or empty 'ch' attribute in step 'LVDS视频测试准备'
2025/04/01 14:37:02 - 自动测试 - INFO      - DELAY 2000 ms
2025/04/01 14:37:02 - 自动测试 - INFO      - 执行232发送10指令
2025/04/01 14:37:02 - 自动测试 - ERROR     - 232 communication error: Reply mismatch. Expected: Please input (0..3) :, Got: 
2025/04/01 14:37:02 - 自动测试 - INFO      - 执行232发送1指令
2025/04/01 14:37:02 - 自动测试 - ERROR     - 232 communication error: Reply mismatch. Expected: Please input (0..3) :, Got: 
2025/04/01 14:37:04 - 自动测试 - INFO      - DELAY 2000 ms
2025/04/01 14:37:04 - 自动测试 - INFO      - 测试执行步骤：LVDS-Map视频测试结果
2025/04/01 14:37:04 - 自动测试 - ERROR     - Error executing MsgBox step LVDS-Map视频测试结果: TestProject cannot be converted to PyQt5.QtCore.QObject in this context
2025/04/01 14:37:06 - 自动测试 - INFO      - DELAY 2000 ms
2025/04/01 14:37:06 - 自动测试 - INFO      - 执行232发送10指令
2025/04/01 14:37:06 - 自动测试 - ERROR     - 232 communication error: Reply mismatch. Expected: Please input (0..3) :, Got: 
2025/04/01 14:37:06 - 自动测试 - INFO      - 执行232发送2指令
2025/04/01 14:37:06 - 自动测试 - ERROR     - 232 communication error: Reply mismatch. Expected: Please input (0..3) :, Got: 
2025/04/01 14:37:06 - 自动测试 - INFO      - 测试执行步骤：LVDS-Video视频测试结果
2025/04/01 14:37:06 - 自动测试 - ERROR     - Error executing MsgBox step LVDS-Video视频测试结果: TestProject cannot be converted to PyQt5.QtCore.QObject in this context
2025/04/01 14:37:08 - 自动测试 - INFO      - DELAY 2000 ms
2025/04/01 14:37:08 - 自动测试 - INFO      - 执行232发送10指令
2025/04/01 14:37:08 - 自动测试 - ERROR     - 232 communication error: Reply mismatch. Expected: Please input (0..3) :, Got: 
2025/04/01 14:37:08 - 自动测试 - INFO      - 执行232发送3指令
2025/04/01 14:37:08 - 自动测试 - ERROR     - 232 communication error: Reply mismatch. Expected: Please input (0..3) :, Got: 
2025/04/01 14:37:08 - 自动测试 - INFO      - 测试执行步骤：LVDS-Color Bar视频测试结果
2025/04/01 14:37:08 - 自动测试 - ERROR     - Error executing MsgBox step LVDS-Color Bar视频测试结果: TestProject cannot be converted to PyQt5.QtCore.QObject in this context
2025/04/01 14:37:10 - 自动测试 - INFO      - DELAY 2000 ms
2025/04/01 14:37:10 - 自动测试 - INFO      - 执行232发送0指令
2025/04/01 14:37:10 - 自动测试 - ERROR     - 232 communication error: Reply mismatch. Expected:    *   10-- VSM test       *     * * * * * * * * * * * * *         Please input (0..10) :, Got: 
2025/04/01 14:37:10 - 自动测试 - INFO      - 第 1 次测试执行完毕
2025/04/01 14:43:05 - 自动测试 - INFO      - 429状态:01状态
2025/04/01 14:43:10 - 自动测试 - INFO      - 开始测试
2025/04/01 14:43:10 - 自动测试 - INFO      - 执行测试步骤: LVDS视频测试准备
2025/04/01 14:43:10 - 自动测试 - ERROR     - Error executing step:LVDS视频测试准备- Missing or empty 'ch' attribute in step 'LVDS视频测试准备'
2025/04/01 14:43:12 - 自动测试 - INFO      - DELAY 2000 ms
2025/04/01 14:43:12 - 自动测试 - INFO      - 执行232发送10指令
2025/04/01 14:43:12 - 自动测试 - ERROR     - 232 communication error: Reply mismatch. Expected: Please input (0..3) :, Got: 
2025/04/01 14:43:12 - 自动测试 - INFO      - 执行232发送1指令
2025/04/01 14:43:12 - 自动测试 - ERROR     - 232 communication error: Reply mismatch. Expected: Please input (0..3) :, Got: 
2025/04/01 14:43:14 - 自动测试 - INFO      - DELAY 2000 ms
2025/04/01 14:43:14 - 自动测试 - INFO      - 测试执行步骤：LVDS-Map视频测试结果
2025/04/01 14:43:16 - 自动测试 - INFO      - DELAY 2000 ms
2025/04/01 14:43:22 - 自动测试 - INFO      - 执行232发送10指令
2025/04/01 14:43:22 - 自动测试 - ERROR     - 232 communication error: Reply mismatch. Expected: Please input (0..3) :, Got: 
2025/04/01 14:43:22 - 自动测试 - INFO      - 执行232发送2指令
2025/04/01 14:43:22 - 自动测试 - ERROR     - 232 communication error: Reply mismatch. Expected: Please input (0..3) :, Got: 
2025/04/01 14:43:22 - 自动测试 - INFO      - 测试执行步骤：LVDS-Video视频测试结果
2025/04/01 14:43:24 - 自动测试 - INFO      - DELAY 2000 ms
2025/04/01 14:43:25 - 自动测试 - INFO      - 执行232发送10指令
2025/04/01 14:43:25 - 自动测试 - ERROR     - 232 communication error: Reply mismatch. Expected: Please input (0..3) :, Got: 
2025/04/01 14:43:25 - 自动测试 - INFO      - 执行232发送3指令
2025/04/01 14:43:25 - 自动测试 - ERROR     - 232 communication error: Reply mismatch. Expected: Please input (0..3) :, Got: 
2025/04/01 14:43:25 - 自动测试 - INFO      - 测试执行步骤：LVDS-Color Bar视频测试结果
2025/04/01 14:43:27 - 自动测试 - INFO      - DELAY 2000 ms
2025/04/01 14:43:27 - 自动测试 - INFO      - 执行232发送0指令
2025/04/01 14:43:27 - 自动测试 - ERROR     - 232 communication error: Reply mismatch. Expected:    *   10-- VSM test       *     * * * * * * * * * * * * *         Please input (0..10) :, Got: 
2025/04/01 14:43:27 - 自动测试 - INFO      - 第 1 次测试执行完毕
2025/04/01 14:51:05 - 自动测试 - INFO      - 429状态:01状态
2025/04/01 14:51:10 - 自动测试 - INFO      - 开始测试
2025/04/01 14:51:10 - 自动测试 - INFO      - 执行测试步骤: LVDS视频测试准备
2025/04/01 14:51:10 - 自动测试 - ERROR     - Error executing step:LVDS视频测试准备- Missing or empty 'ch' attribute in step 'LVDS视频测试准备'
2025/04/01 14:51:12 - 自动测试 - INFO      - DELAY 2000 ms
2025/04/01 14:51:12 - 自动测试 - INFO      - 执行232发送10指令
2025/04/01 14:51:12 - 自动测试 - ERROR     - 232 communication error: Reply mismatch. Expected: Please input (0..3) :, Got: 
2025/04/01 14:51:12 - 自动测试 - INFO      - 执行232发送1指令
2025/04/01 14:51:12 - 自动测试 - ERROR     - 232 communication error: Reply mismatch. Expected: Please input (0..3) :, Got: 
2025/04/01 14:51:14 - 自动测试 - INFO      - DELAY 2000 ms
2025/04/01 14:51:14 - 自动测试 - INFO      - 测试执行步骤：LVDS-Map视频测试结果
2025/04/01 14:51:16 - 自动测试 - INFO      - DELAY 2000 ms
2025/04/01 14:51:27 - 自动测试 - INFO      - 执行232发送10指令
2025/04/01 14:51:27 - 自动测试 - ERROR     - 232 communication error: Reply mismatch. Expected: Please input (0..3) :, Got: 
2025/04/01 14:51:27 - 自动测试 - INFO      - 执行232发送2指令
2025/04/01 14:51:27 - 自动测试 - ERROR     - 232 communication error: Reply mismatch. Expected: Please input (0..3) :, Got: 
2025/04/01 14:51:27 - 自动测试 - INFO      - 测试执行步骤：LVDS-Video视频测试结果
2025/04/01 14:51:29 - 自动测试 - INFO      - DELAY 2000 ms
2025/04/01 14:51:29 - 自动测试 - INFO      - 执行232发送10指令
2025/04/01 14:51:29 - 自动测试 - ERROR     - 232 communication error: Reply mismatch. Expected: Please input (0..3) :, Got: 
2025/04/01 14:51:29 - 自动测试 - INFO      - 执行232发送3指令
2025/04/01 14:51:29 - 自动测试 - ERROR     - 232 communication error: Reply mismatch. Expected: Please input (0..3) :, Got: 
2025/04/01 14:51:29 - 自动测试 - INFO      - 测试执行步骤：LVDS-Color Bar视频测试结果
2025/04/01 14:51:29 - 自动测试 - ERROR     - Error executing MsgBox step LVDS-Color Bar视频测试结果: 'LVDS-Color Bar视频测试结果'
2025/04/01 14:51:31 - 自动测试 - INFO      - DELAY 2000 ms
2025/04/01 14:51:32 - 自动测试 - INFO      - 执行232发送0指令
2025/04/01 14:51:32 - 自动测试 - ERROR     - 232 communication error: Reply mismatch. Expected:    *   10-- VSM test       *     * * * * * * * * * * * * *         Please input (0..10) :, Got: 
2025/04/01 14:51:32 - 自动测试 - INFO      - 第 1 次测试执行完毕
2025/04/01 14:52:59 - 自动测试 - INFO      - 429状态:01状态
2025/04/01 14:53:06 - 自动测试 - INFO      - 开始测试
2025/04/01 14:53:06 - 自动测试 - INFO      - 执行测试步骤: LVDS视频测试准备
2025/04/01 14:53:06 - 自动测试 - ERROR     - Error executing step:LVDS视频测试准备- Missing or empty 'ch' attribute in step 'LVDS视频测试准备'
2025/04/01 14:53:08 - 自动测试 - INFO      - DELAY 2000 ms
2025/04/01 14:53:08 - 自动测试 - INFO      - 执行232发送10指令
2025/04/01 14:53:08 - 自动测试 - ERROR     - 232 communication error: Reply mismatch. Expected: Please input (0..3) :, Got: 
2025/04/01 14:53:08 - 自动测试 - INFO      - 执行232发送1指令
2025/04/01 14:53:08 - 自动测试 - ERROR     - 232 communication error: Reply mismatch. Expected: Please input (0..3) :, Got: 
2025/04/01 14:53:10 - 自动测试 - INFO      - DELAY 2000 ms
2025/04/01 14:53:10 - 自动测试 - INFO      - 测试执行步骤：LVDS-Map视频测试结果
2025/04/01 14:53:16 - 自动测试 - INFO      - DELAY 2000 ms
2025/04/01 14:53:16 - 自动测试 - INFO      - 执行232发送10指令
2025/04/01 14:53:16 - 自动测试 - ERROR     - 232 communication error: Reply mismatch. Expected: Please input (0..3) :, Got: 
2025/04/01 14:53:16 - 自动测试 - INFO      - 执行232发送2指令
2025/04/01 14:53:16 - 自动测试 - ERROR     - 232 communication error: Reply mismatch. Expected: Please input (0..3) :, Got: 
2025/04/01 14:53:16 - 自动测试 - INFO      - 测试执行步骤：LVDS-Video视频测试结果
2025/04/01 14:53:19 - 自动测试 - INFO      - DELAY 2000 ms
2025/04/01 14:53:19 - 自动测试 - INFO      - 执行232发送10指令
2025/04/01 14:53:19 - 自动测试 - ERROR     - 232 communication error: Reply mismatch. Expected: Please input (0..3) :, Got: 
2025/04/01 14:53:19 - 自动测试 - INFO      - 执行232发送3指令
2025/04/01 14:53:19 - 自动测试 - ERROR     - 232 communication error: Reply mismatch. Expected: Please input (0..3) :, Got: 
2025/04/01 14:53:19 - 自动测试 - INFO      - 测试执行步骤：LVDS-Color Bar视频测试结果
2025/04/01 14:53:19 - 自动测试 - ERROR     - Error executing MsgBox step LVDS-Color Bar视频测试结果: 'LVDS-Color Bar视频测试结果'
2025/04/01 14:53:23 - 自动测试 - INFO      - DELAY 2000 ms
2025/04/01 14:53:23 - 自动测试 - INFO      - 执行232发送0指令
2025/04/01 14:53:23 - 自动测试 - ERROR     - 232 communication error: Reply mismatch. Expected:    *   10-- VSM test       *     * * * * * * * * * * * * *         Please input (0..10) :, Got: 
2025/04/01 14:53:23 - 自动测试 - INFO      - 第 1 次测试执行完毕
2025/04/01 14:54:08 - 自动测试 - INFO      - 429状态:01状态
2025/04/01 14:54:18 - 自动测试 - INFO      - 开始测试
2025/04/01 14:54:18 - 自动测试 - INFO      - 执行测试步骤: LVDS视频测试准备
2025/04/01 14:54:18 - 自动测试 - ERROR     - Error executing step:LVDS视频测试准备- Missing or empty 'ch' attribute in step 'LVDS视频测试准备'
2025/04/01 14:54:20 - 自动测试 - INFO      - DELAY 2000 ms
2025/04/01 14:54:20 - 自动测试 - INFO      - 执行232发送10指令
2025/04/01 14:54:20 - 自动测试 - ERROR     - 232 communication error: Reply mismatch. Expected: Please input (0..3) :, Got: 
2025/04/01 14:54:20 - 自动测试 - INFO      - 执行232发送1指令
2025/04/01 14:54:20 - 自动测试 - ERROR     - 232 communication error: Reply mismatch. Expected: Please input (0..3) :, Got: 
2025/04/01 14:54:22 - 自动测试 - INFO      - DELAY 2000 ms
2025/04/01 14:54:22 - 自动测试 - INFO      - 测试执行步骤：LVDS-Map视频测试结果
2025/04/01 14:55:16 - 自动测试 - INFO      - DELAY 2000 ms
2025/04/01 14:55:16 - 自动测试 - INFO      - 执行232发送10指令
2025/04/01 14:55:16 - 自动测试 - ERROR     - 232 communication error: Reply mismatch. Expected: Please input (0..3) :, Got: 
2025/04/01 14:55:16 - 自动测试 - INFO      - 执行232发送2指令
2025/04/01 14:55:16 - 自动测试 - ERROR     - 232 communication error: Reply mismatch. Expected: Please input (0..3) :, Got: 
2025/04/01 14:55:16 - 自动测试 - INFO      - 测试执行步骤：LVDS-Video视频测试结果
2025/04/01 14:55:32 - 自动测试 - INFO      - DELAY 2000 ms
2025/04/01 14:55:32 - 自动测试 - INFO      - 执行232发送10指令
2025/04/01 14:55:32 - 自动测试 - ERROR     - 232 communication error: Reply mismatch. Expected: Please input (0..3) :, Got: 
2025/04/01 14:55:32 - 自动测试 - INFO      - 执行232发送3指令
2025/04/01 14:55:32 - 自动测试 - ERROR     - 232 communication error: Reply mismatch. Expected: Please input (0..3) :, Got: 
2025/04/01 14:55:32 - 自动测试 - INFO      - 测试执行步骤：LVDS-Color Bar视频测试结果
2025/04/01 14:55:32 - 自动测试 - ERROR     - Error executing MsgBox step LVDS-Color Bar视频测试结果: 'LVDS-Color Bar视频测试结果'
2025/04/01 14:55:38 - 自动测试 - INFO      - DELAY 2000 ms
2025/04/01 14:55:38 - 自动测试 - INFO      - 执行232发送0指令
2025/04/01 14:55:38 - 自动测试 - ERROR     - 232 communication error: Reply mismatch. Expected:    *   10-- VSM test       *     * * * * * * * * * * * * *         Please input (0..10) :, Got: 
2025/04/01 14:55:38 - 自动测试 - INFO      - 第 1 次测试执行完毕
2025/04/01 14:56:33 - 自动测试 - INFO      - 429状态:01状态
2025/04/01 14:56:38 - 自动测试 - INFO      - 开始测试
2025/04/01 14:56:38 - 自动测试 - INFO      - 执行测试步骤: LVDS视频测试准备
2025/04/01 14:56:38 - 自动测试 - ERROR     - Error executing step:LVDS视频测试准备- Missing or empty 'ch' attribute in step 'LVDS视频测试准备'
2025/04/01 14:56:40 - 自动测试 - INFO      - DELAY 2000 ms
2025/04/01 14:56:40 - 自动测试 - INFO      - 执行232发送10指令
2025/04/01 14:56:40 - 自动测试 - ERROR     - 232 communication error: Reply mismatch. Expected: Please input (0..3) :, Got: 
2025/04/01 14:56:40 - 自动测试 - INFO      - 执行232发送1指令
2025/04/01 14:56:40 - 自动测试 - ERROR     - 232 communication error: Reply mismatch. Expected: Please input (0..3) :, Got: 
2025/04/01 14:56:42 - 自动测试 - INFO      - DELAY 2000 ms
2025/04/01 14:56:42 - 自动测试 - INFO      - 测试执行步骤：LVDS-Map视频测试结果
2025/04/01 14:56:48 - 自动测试 - INFO      - DELAY 2000 ms
2025/04/01 14:56:48 - 自动测试 - INFO      - 执行232发送10指令
2025/04/01 14:56:48 - 自动测试 - ERROR     - 232 communication error: Reply mismatch. Expected: Please input (0..3) :, Got: 
2025/04/01 14:56:48 - 自动测试 - INFO      - 执行232发送2指令
2025/04/01 14:56:48 - 自动测试 - ERROR     - 232 communication error: Reply mismatch. Expected: Please input (0..3) :, Got: 
2025/04/01 14:56:48 - 自动测试 - INFO      - 测试执行步骤：LVDS-Video视频测试结果
2025/04/01 14:56:52 - 自动测试 - INFO      - DELAY 2000 ms
2025/04/01 14:56:52 - 自动测试 - INFO      - 执行232发送10指令
2025/04/01 14:56:52 - 自动测试 - ERROR     - 232 communication error: Reply mismatch. Expected: Please input (0..3) :, Got: 
2025/04/01 14:56:52 - 自动测试 - INFO      - 执行232发送3指令
2025/04/01 14:56:52 - 自动测试 - ERROR     - 232 communication error: Reply mismatch. Expected: Please input (0..3) :, Got: 
2025/04/01 14:56:52 - 自动测试 - INFO      - 测试执行步骤：LVDS-Color Bar视频测试结果
2025/04/01 14:56:56 - 自动测试 - INFO      - DELAY 2000 ms
2025/04/01 14:56:56 - 自动测试 - INFO      - 执行232发送0指令
2025/04/01 14:56:56 - 自动测试 - ERROR     - 232 communication error: Reply mismatch. Expected:    *   10-- VSM test       *     * * * * * * * * * * * * *         Please input (0..10) :, Got: 
2025/04/01 14:56:56 - 自动测试 - INFO      - 第 1 次测试执行完毕
2025/04/01 15:18:41 - 自动测试 - INFO      - 429状态:01状态
2025/04/01 15:18:46 - 自动测试 - INFO      - 开始测试
2025/04/01 15:18:46 - 自动测试 - INFO      - 执行测试步骤: LVDS视频测试准备
2025/04/01 15:18:46 - 自动测试 - ERROR     - Error executing step:LVDS视频测试准备- Missing or empty 'ch' attribute in step 'LVDS视频测试准备'
2025/04/01 15:19:22 - 自动测试 - INFO      - 429状态:01状态
2025/04/01 15:19:29 - 自动测试 - INFO      - 开始测试
2025/04/01 15:19:29 - 自动测试 - INFO      - 执行测试步骤: LVDS视频测试准备
2025/04/01 15:19:29 - 自动测试 - ERROR     - Error executing step:LVDS视频测试准备- Missing or empty 'ch' attribute in step 'LVDS视频测试准备'
2025/04/01 15:19:31 - 自动测试 - INFO      - DELAY 2000 ms
2025/04/01 15:19:31 - 自动测试 - INFO      - 执行232发送10指令
2025/04/01 15:19:31 - 自动测试 - ERROR     - 232 communication error: Reply mismatch. Expected: Please input (0..3) :, Got: 
2025/04/01 15:19:31 - 自动测试 - INFO      - 执行232发送1指令
2025/04/01 15:19:31 - 自动测试 - ERROR     - 232 communication error: Reply mismatch. Expected: Please input (0..3) :, Got: 
2025/04/01 15:19:33 - 自动测试 - INFO      - DELAY 2000 ms
2025/04/01 15:19:33 - 自动测试 - INFO      - 测试执行步骤：LVDS-Map视频测试结果
2025/04/01 15:19:41 - 自动测试 - INFO      - DELAY 2000 ms
2025/04/01 15:19:41 - 自动测试 - INFO      - 执行232发送10指令
2025/04/01 15:19:41 - 自动测试 - ERROR     - 232 communication error: Reply mismatch. Expected: Please input (0..3) :, Got: 
2025/04/01 15:19:41 - 自动测试 - INFO      - 执行232发送2指令
2025/04/01 15:19:41 - 自动测试 - ERROR     - 232 communication error: Reply mismatch. Expected: Please input (0..3) :, Got: 
2025/04/01 15:19:41 - 自动测试 - INFO      - 测试执行步骤：LVDS-Video视频测试结果
2025/04/01 15:19:45 - 自动测试 - INFO      - DELAY 2000 ms
2025/04/01 15:19:45 - 自动测试 - INFO      - 执行232发送10指令
2025/04/01 15:19:45 - 自动测试 - ERROR     - 232 communication error: Reply mismatch. Expected: Please input (0..3) :, Got: 
2025/04/01 15:19:45 - 自动测试 - INFO      - 执行232发送3指令
2025/04/01 15:19:45 - 自动测试 - ERROR     - 232 communication error: Reply mismatch. Expected: Please input (0..3) :, Got: 
2025/04/01 15:19:45 - 自动测试 - INFO      - 测试执行步骤：LVDS-Color Bar视频测试结果
2025/04/01 15:19:49 - 自动测试 - INFO      - DELAY 2000 ms
2025/04/01 15:19:49 - 自动测试 - INFO      - 执行232发送0指令
2025/04/01 15:19:49 - 自动测试 - ERROR     - 232 communication error: Reply mismatch. Expected:    *   10-- VSM test       *     * * * * * * * * * * * * *         Please input (0..10) :, Got: 
2025/04/01 15:19:49 - 自动测试 - INFO      - 第 1 次测试执行完毕
2025/04/01 16:06:20 - 自动测试 - INFO      - 429状态:01状态
2025/04/01 16:06:25 - 自动测试 - INFO      - 开始测试
2025/04/01 16:06:25 - 自动测试 - INFO      - 执行测试步骤: LVDS视频测试准备
2025/04/01 16:06:25 - 自动测试 - ERROR     - Error executing step:LVDS视频测试准备- Missing or empty 'ch' attribute in step 'LVDS视频测试准备'
2025/04/01 16:06:27 - 自动测试 - INFO      - DELAY 2000 ms
2025/04/01 16:06:27 - 自动测试 - INFO      - 执行232发送10指令
2025/04/01 16:06:27 - 自动测试 - ERROR     - 232 communication error: Reply mismatch. Expected: Please input (0..3) :, Got: 
2025/04/01 16:06:27 - 自动测试 - INFO      - 执行232发送1指令
2025/04/01 16:06:27 - 自动测试 - ERROR     - 232 communication error: Reply mismatch. Expected: Please input (0..3) :, Got: 
2025/04/01 16:06:29 - 自动测试 - INFO      - DELAY 2000 ms
2025/04/01 16:06:29 - 自动测试 - INFO      - 测试执行步骤：LVDS-Map视频测试结果
2025/04/01 16:07:17 - 自动测试 - INFO      - 429状态:01状态
2025/04/01 16:07:23 - 自动测试 - INFO      - 开始测试
2025/04/01 16:07:23 - 自动测试 - INFO      - 执行测试步骤: LVDS视频测试准备
2025/04/01 16:07:23 - 自动测试 - ERROR     - Error executing step:LVDS视频测试准备- Missing or empty 'ch' attribute in step 'LVDS视频测试准备'
2025/04/01 16:07:25 - 自动测试 - INFO      - DELAY 2000 ms
2025/04/01 16:07:25 - 自动测试 - INFO      - 执行232发送10指令
2025/04/01 16:07:25 - 自动测试 - ERROR     - 232 communication error: Reply mismatch. Expected: Please input (0..3) :, Got: 
2025/04/01 16:07:25 - 自动测试 - INFO      - 执行232发送1指令
2025/04/01 16:07:25 - 自动测试 - ERROR     - 232 communication error: Reply mismatch. Expected: Please input (0..3) :, Got: 
2025/04/01 16:07:27 - 自动测试 - INFO      - DELAY 2000 ms
2025/04/01 16:07:27 - 自动测试 - INFO      - 测试执行步骤：LVDS-Map视频测试结果
2025/04/01 16:38:11 - 自动测试 - INFO      - 429状态:01状态
2025/04/01 16:38:17 - 自动测试 - INFO      - 开始测试
2025/04/01 16:38:17 - 自动测试 - INFO      - 执行测试步骤: LVDS视频测试准备
2025/04/01 16:38:17 - 自动测试 - ERROR     - Error executing step:LVDS视频测试准备- Missing or empty 'ch' attribute in step 'LVDS视频测试准备'
2025/04/01 16:38:19 - 自动测试 - INFO      - DELAY 2000 ms
2025/04/01 16:38:19 - 自动测试 - INFO      - 执行232发送10指令
2025/04/01 16:38:19 - 自动测试 - ERROR     - 232 communication error: Reply mismatch. Expected: Please input (0..3) :, Got: 
2025/04/01 16:38:19 - 自动测试 - INFO      - 执行232发送1指令
2025/04/01 16:38:19 - 自动测试 - ERROR     - 232 communication error: Reply mismatch. Expected: Please input (0..3) :, Got: 
2025/04/01 16:38:21 - 自动测试 - INFO      - DELAY 2000 ms
2025/04/01 16:38:21 - 自动测试 - INFO      - 测试执行步骤：LVDS-Map视频测试结果
2025/04/01 16:39:35 - 自动测试 - INFO      - 429状态:01状态
2025/04/01 16:39:45 - 自动测试 - INFO      - 开始测试
2025/04/01 16:39:45 - 自动测试 - INFO      - 执行测试步骤: LVDS视频测试准备
2025/04/01 16:39:45 - 自动测试 - ERROR     - Error executing step:LVDS视频测试准备- Missing or empty 'ch' attribute in step 'LVDS视频测试准备'
2025/04/01 16:39:47 - 自动测试 - INFO      - DELAY 2000 ms
2025/04/01 16:39:47 - 自动测试 - INFO      - 执行232发送10指令
2025/04/01 16:39:47 - 自动测试 - ERROR     - 232 communication error: Reply mismatch. Expected: Please input (0..3) :, Got: 
2025/04/01 16:39:47 - 自动测试 - INFO      - 执行232发送1指令
2025/04/01 16:39:47 - 自动测试 - ERROR     - 232 communication error: Reply mismatch. Expected: Please input (0..3) :, Got: 
2025/04/01 16:39:49 - 自动测试 - INFO      - DELAY 2000 ms
2025/04/01 16:39:49 - 自动测试 - INFO      - 测试执行步骤：LVDS-Map视频测试结果
2025/04/01 16:42:35 - 自动测试 - INFO      - 429状态:01状态
2025/04/01 16:42:40 - 自动测试 - INFO      - 开始测试
2025/04/01 16:42:40 - 自动测试 - INFO      - 执行测试步骤: LVDS视频测试准备
2025/04/01 16:42:40 - 自动测试 - ERROR     - Error executing step:LVDS视频测试准备- Missing or empty 'ch' attribute in step 'LVDS视频测试准备'
2025/04/01 16:42:42 - 自动测试 - INFO      - DELAY 2000 ms
2025/04/01 16:42:42 - 自动测试 - INFO      - 执行232发送10指令
2025/04/01 16:42:42 - 自动测试 - ERROR     - 232 communication error: Reply mismatch. Expected: Please input (0..3) :, Got: 
2025/04/01 16:42:42 - 自动测试 - INFO      - 执行232发送1指令
2025/04/01 16:42:42 - 自动测试 - ERROR     - 232 communication error: Reply mismatch. Expected: Please input (0..3) :, Got: 
2025/04/01 16:42:44 - 自动测试 - INFO      - DELAY 2000 ms
2025/04/01 16:42:44 - 自动测试 - INFO      - 测试执行步骤：LVDS-Map视频测试结果
2025/04/01 16:54:57 - 自动测试 - INFO      - 429状态:01状态
2025/04/01 16:55:02 - 自动测试 - INFO      - 开始测试
2025/04/01 16:55:02 - 自动测试 - INFO      - 执行测试步骤: LVDS视频测试准备
2025/04/01 16:55:02 - 自动测试 - ERROR     - Error executing step:LVDS视频测试准备- Missing or empty 'ch' attribute in step 'LVDS视频测试准备'
2025/04/01 16:55:04 - 自动测试 - INFO      - DELAY 2000 ms
2025/04/01 16:55:04 - 自动测试 - INFO      - 执行232发送10指令
2025/04/01 16:55:04 - 自动测试 - ERROR     - 232 communication error: Reply mismatch. Expected: Please input (0..3) :, Got: 
2025/04/01 16:55:04 - 自动测试 - INFO      - 执行232发送1指令
2025/04/01 16:55:04 - 自动测试 - ERROR     - 232 communication error: Reply mismatch. Expected: Please input (0..3) :, Got: 
2025/04/01 16:55:06 - 自动测试 - INFO      - DELAY 2000 ms
2025/04/01 16:55:06 - 自动测试 - INFO      - 测试执行步骤：LVDS-Map视频测试结果
