2025/04/02 10:49:32 - 自动测试 - INFO      - 429状态:01状态
2025/04/02 10:49:37 - 自动测试 - INFO      - 开始测试
2025/04/02 10:49:37 - 自动测试 - INFO      - 执行测试步骤: LVDS视频测试准备
2025/04/02 10:49:37 - 自动测试 - ERROR     - Error executing step:LVDS视频测试准备- Missing or empty 'ch' attribute in step 'LVDS视频测试准备'
2025/04/02 10:49:39 - 自动测试 - INFO      - DELAY 2000 ms
2025/04/02 10:49:39 - 自动测试 - INFO      - 执行232发送10指令
2025/04/02 10:49:39 - 自动测试 - ERROR     - 232 communication error: Reply mismatch. Expected: Please input (0..3) :, Got: 
2025/04/02 10:49:39 - 自动测试 - INFO      - 执行232发送1指令
2025/04/02 10:49:39 - 自动测试 - ERROR     - 232 communication error: Reply mismatch. Expected: Please input (0..3) :, Got: 
2025/04/02 10:49:41 - 自动测试 - INFO      - DELAY 2000 ms
2025/04/02 10:49:41 - 自动测试 - INFO      - 测试执行步骤：LVDS-Map视频测试结果
2025/04/02 10:51:49 - 自动测试 - INFO      - 429状态:01状态
2025/04/02 10:51:54 - 自动测试 - INFO      - 开始测试
2025/04/02 10:51:54 - 自动测试 - INFO      - 执行测试步骤: LVDS视频测试准备
2025/04/02 10:51:54 - 自动测试 - ERROR     - Error executing step:LVDS视频测试准备- Missing or empty 'ch' attribute in step 'LVDS视频测试准备'
2025/04/02 10:51:56 - 自动测试 - INFO      - DELAY 2000 ms
2025/04/02 10:51:56 - 自动测试 - INFO      - 执行232发送10指令
2025/04/02 10:51:56 - 自动测试 - ERROR     - 232 communication error: Reply mismatch. Expected: Please input (0..3) :, Got: 
2025/04/02 10:51:56 - 自动测试 - INFO      - 执行232发送1指令
2025/04/02 10:51:56 - 自动测试 - ERROR     - 232 communication error: Reply mismatch. Expected: Please input (0..3) :, Got: 
2025/04/02 10:51:58 - 自动测试 - INFO      - DELAY 2000 ms
2025/04/02 10:51:58 - 自动测试 - INFO      - 测试执行步骤：LVDS-Map视频测试结果
2025/04/02 11:11:56 - 自动测试 - INFO      - 429状态:01状态
2025/04/02 11:12:02 - 自动测试 - INFO      - 开始测试
2025/04/02 11:12:02 - 自动测试 - INFO      - 执行测试步骤: LVDS视频测试准备
2025/04/02 11:12:02 - 自动测试 - ERROR     - Error executing step:LVDS视频测试准备- Missing or empty 'ch' attribute in step 'LVDS视频测试准备'
2025/04/02 11:12:04 - 自动测试 - INFO      - DELAY 2000 ms
2025/04/02 11:12:04 - 自动测试 - INFO      - 执行232发送10指令
2025/04/02 11:12:04 - 自动测试 - ERROR     - 232 communication error: Reply mismatch. Expected: Please input (0..3) :, Got: 
2025/04/02 11:12:04 - 自动测试 - INFO      - 执行232发送1指令
2025/04/02 11:12:04 - 自动测试 - ERROR     - 232 communication error: Reply mismatch. Expected: Please input (0..3) :, Got: 
2025/04/02 11:12:06 - 自动测试 - INFO      - DELAY 2000 ms
2025/04/02 11:12:06 - 自动测试 - INFO      - 测试执行步骤：LVDS-Map视频测试结果
2025/04/02 11:43:09 - 自动测试 - INFO      - 429状态:01状态
2025/04/02 11:43:16 - 自动测试 - INFO      - 开始测试
2025/04/02 11:43:16 - 自动测试 - INFO      - 执行测试步骤: LVDS视频测试准备
2025/04/02 11:43:16 - 自动测试 - ERROR     - Error executing step:LVDS视频测试准备- Missing or empty 'ch' attribute in step 'LVDS视频测试准备'
2025/04/02 11:43:18 - 自动测试 - INFO      - DELAY 2000 ms
2025/04/02 11:43:18 - 自动测试 - INFO      - 执行232发送10指令
2025/04/02 11:43:18 - 自动测试 - ERROR     - 232 communication error: Reply mismatch. Expected: Please input (0..3) :, Got: 
2025/04/02 11:43:18 - 自动测试 - INFO      - 执行232发送1指令
2025/04/02 11:43:18 - 自动测试 - ERROR     - 232 communication error: Reply mismatch. Expected: Please input (0..3) :, Got: 
2025/04/02 11:43:20 - 自动测试 - INFO      - DELAY 2000 ms
2025/04/02 11:43:20 - 自动测试 - INFO      - 测试执行步骤：LVDS-Map视频测试结果
2025/04/02 11:44:23 - 自动测试 - INFO      - 429状态:01状态
2025/04/02 11:44:27 - 自动测试 - INFO      - 开始测试
2025/04/02 11:44:27 - 自动测试 - INFO      - 执行测试步骤: LVDS视频测试准备
2025/04/02 11:44:27 - 自动测试 - ERROR     - Error executing step:LVDS视频测试准备- Missing or empty 'ch' attribute in step 'LVDS视频测试准备'
2025/04/02 11:44:29 - 自动测试 - INFO      - DELAY 2000 ms
2025/04/02 11:44:29 - 自动测试 - INFO      - 执行232发送10指令
2025/04/02 11:44:29 - 自动测试 - ERROR     - 232 communication error: Reply mismatch. Expected: Please input (0..3) :, Got: 
2025/04/02 11:44:29 - 自动测试 - INFO      - 执行232发送1指令
2025/04/02 11:44:29 - 自动测试 - ERROR     - 232 communication error: Reply mismatch. Expected: Please input (0..3) :, Got: 
2025/04/02 11:44:31 - 自动测试 - INFO      - DELAY 2000 ms
2025/04/02 11:44:31 - 自动测试 - INFO      - 测试执行步骤：LVDS-Map视频测试结果
2025/04/02 11:48:00 - 自动测试 - INFO      - 429状态:01状态
2025/04/02 11:48:00 - 自动测试 - INFO      - 429状态:01状态
2025/04/02 11:48:01 - 自动测试 - INFO      - 429状态:01状态
2025/04/02 11:48:11 - 自动测试 - INFO      - 开始测试
2025/04/02 11:48:11 - 自动测试 - INFO      - 执行测试步骤: LVDS视频测试准备
2025/04/02 11:48:11 - 自动测试 - ERROR     - Error executing step:LVDS视频测试准备- Missing or empty 'ch' attribute in step 'LVDS视频测试准备'
2025/04/02 11:48:13 - 自动测试 - INFO      - DELAY 2000 ms
2025/04/02 11:48:13 - 自动测试 - INFO      - 执行232发送10指令
2025/04/02 11:48:13 - 自动测试 - ERROR     - 232 communication error: Reply mismatch. Expected: Please input (0..3) :, Got: 
2025/04/02 11:48:13 - 自动测试 - INFO      - 执行232发送1指令
2025/04/02 11:48:13 - 自动测试 - ERROR     - 232 communication error: Reply mismatch. Expected: Please input (0..3) :, Got: 
2025/04/02 11:48:15 - 自动测试 - INFO      - DELAY 2000 ms
2025/04/02 11:48:15 - 自动测试 - INFO      - 测试执行步骤：LVDS-Map视频测试结果
2025/04/02 11:49:26 - 自动测试 - INFO      - 429状态:01状态
2025/04/02 11:49:31 - 自动测试 - INFO      - 开始测试
2025/04/02 11:49:31 - 自动测试 - INFO      - 执行测试步骤: LVDS视频测试准备
2025/04/02 11:49:31 - 自动测试 - ERROR     - Error executing step:LVDS视频测试准备- Missing or empty 'ch' attribute in step 'LVDS视频测试准备'
2025/04/02 11:49:33 - 自动测试 - INFO      - DELAY 2000 ms
2025/04/02 11:49:33 - 自动测试 - INFO      - 执行232发送10指令
2025/04/02 11:49:33 - 自动测试 - ERROR     - 232 communication error: Reply mismatch. Expected: Please input (0..3) :, Got: 
2025/04/02 11:49:33 - 自动测试 - INFO      - 执行232发送1指令
2025/04/02 11:49:33 - 自动测试 - ERROR     - 232 communication error: Reply mismatch. Expected: Please input (0..3) :, Got: 
2025/04/02 11:49:35 - 自动测试 - INFO      - DELAY 2000 ms
2025/04/02 11:49:35 - 自动测试 - INFO      - 测试执行步骤：LVDS-Map视频测试结果
2025/04/02 13:41:41 - 自动测试 - INFO      - 429状态:01状态
2025/04/02 13:41:47 - 自动测试 - INFO      - 开始测试
2025/04/02 13:41:47 - 自动测试 - INFO      - 执行测试步骤: LVDS视频测试准备
2025/04/02 13:41:47 - 自动测试 - ERROR     - Error executing step:LVDS视频测试准备- Missing or empty 'ch' attribute in step 'LVDS视频测试准备'
2025/04/02 13:41:49 - 自动测试 - INFO      - DELAY 2000 ms
2025/04/02 13:41:49 - 自动测试 - INFO      - 执行232发送10指令
2025/04/02 13:41:49 - 自动测试 - ERROR     - 232 communication error: Reply mismatch. Expected: Please input (0..3) :, Got: 
2025/04/02 13:41:49 - 自动测试 - INFO      - 执行232发送1指令
2025/04/02 13:41:49 - 自动测试 - ERROR     - 232 communication error: Reply mismatch. Expected: Please input (0..3) :, Got: 
2025/04/02 13:41:51 - 自动测试 - INFO      - DELAY 2000 ms
2025/04/02 13:41:51 - 自动测试 - INFO      - 测试执行步骤：LVDS-Map视频测试结果
2025/04/02 13:42:03 - 自动测试 - INFO      - DELAY 2000 ms
2025/04/02 13:42:03 - 自动测试 - INFO      - 执行232发送10指令
2025/04/02 13:42:03 - 自动测试 - ERROR     - 232 communication error: Reply mismatch. Expected: Please input (0..3) :, Got: 
2025/04/02 13:42:03 - 自动测试 - INFO      - 执行232发送2指令
2025/04/02 13:42:03 - 自动测试 - ERROR     - 232 communication error: Reply mismatch. Expected: Please input (0..3) :, Got: 
2025/04/02 13:42:03 - 自动测试 - INFO      - 测试执行步骤：LVDS-Video视频测试结果
2025/04/02 13:42:07 - 自动测试 - INFO      - DELAY 2000 ms
2025/04/02 13:42:07 - 自动测试 - INFO      - 执行232发送10指令
2025/04/02 13:42:07 - 自动测试 - ERROR     - 232 communication error: Reply mismatch. Expected: Please input (0..3) :, Got: 
2025/04/02 13:42:07 - 自动测试 - INFO      - 执行232发送3指令
2025/04/02 13:42:07 - 自动测试 - ERROR     - 232 communication error: Reply mismatch. Expected: Please input (0..3) :, Got: 
2025/04/02 13:42:07 - 自动测试 - INFO      - 测试执行步骤：LVDS-Color Bar视频测试结果
2025/04/02 13:42:12 - 自动测试 - INFO      - DELAY 2000 ms
2025/04/02 13:42:12 - 自动测试 - INFO      - 执行232发送0指令
2025/04/02 13:42:12 - 自动测试 - ERROR     - 232 communication error: Reply mismatch. Expected:    *   10-- VSM test       *     * * * * * * * * * * * * *         Please input (0..10) :, Got: 
2025/04/02 13:42:12 - 自动测试 - INFO      - 第 1 次测试执行完毕
2025/04/02 13:42:22 - 自动测试 - INFO      - 开始测试
2025/04/02 13:42:22 - 自动测试 - INFO      - 执行测试步骤: LVDS视频测试准备
2025/04/02 13:42:22 - 自动测试 - ERROR     - Error executing step:LVDS视频测试准备- Missing or empty 'ch' attribute in step 'LVDS视频测试准备'
2025/04/02 13:42:24 - 自动测试 - INFO      - DELAY 2000 ms
2025/04/02 13:42:24 - 自动测试 - INFO      - 第 1 次测试执行完毕
2025/04/02 13:42:24 - 自动测试 - INFO      - 停止测试
2025/04/02 13:42:28 - 自动测试 - INFO      - 开始测试
2025/04/02 13:42:28 - 自动测试 - INFO      - 执行测试步骤: LVDS视频测试准备
2025/04/02 13:42:28 - 自动测试 - ERROR     - Error executing step:LVDS视频测试准备- Missing or empty 'ch' attribute in step 'LVDS视频测试准备'
2025/04/02 13:42:30 - 自动测试 - INFO      - DELAY 2000 ms
2025/04/02 13:42:30 - 自动测试 - INFO      - 第 1 次测试执行完毕
2025/04/02 13:42:30 - 自动测试 - INFO      - 停止测试
2025/04/02 13:43:07 - 自动测试 - INFO      - 429状态:01状态
2025/04/02 13:43:14 - 自动测试 - INFO      - 开始测试
2025/04/02 13:43:14 - 自动测试 - INFO      - 执行测试步骤: LVDS视频测试准备
2025/04/02 13:43:14 - 自动测试 - ERROR     - Error executing step:LVDS视频测试准备- Missing or empty 'ch' attribute in step 'LVDS视频测试准备'
2025/04/02 13:43:16 - 自动测试 - INFO      - DELAY 2000 ms
2025/04/02 13:43:16 - 自动测试 - INFO      - 执行232发送10指令
2025/04/02 13:43:16 - 自动测试 - ERROR     - 232 communication error: Reply mismatch. Expected: Please input (0..3) :, Got: 
2025/04/02 13:43:16 - 自动测试 - INFO      - 执行232发送1指令
2025/04/02 13:43:16 - 自动测试 - ERROR     - 232 communication error: Reply mismatch. Expected: Please input (0..3) :, Got: 
2025/04/02 13:43:18 - 自动测试 - INFO      - DELAY 2000 ms
2025/04/02 13:43:18 - 自动测试 - INFO      - 测试执行步骤：LVDS-Map视频测试结果
2025/04/02 13:43:22 - 自动测试 - INFO      - DELAY 2000 ms
2025/04/02 13:43:22 - 自动测试 - INFO      - 执行232发送10指令
2025/04/02 13:43:22 - 自动测试 - ERROR     - 232 communication error: Reply mismatch. Expected: Please input (0..3) :, Got: 
2025/04/02 13:43:22 - 自动测试 - INFO      - 执行232发送2指令
2025/04/02 13:43:22 - 自动测试 - ERROR     - 232 communication error: Reply mismatch. Expected: Please input (0..3) :, Got: 
2025/04/02 13:43:22 - 自动测试 - INFO      - 测试执行步骤：LVDS-Video视频测试结果
2025/04/02 13:43:26 - 自动测试 - INFO      - DELAY 2000 ms
2025/04/02 13:43:26 - 自动测试 - INFO      - 第 1 次测试执行完毕
2025/04/02 13:43:26 - 自动测试 - INFO      - 停止测试
2025/04/02 13:45:06 - 自动测试 - INFO      - 429状态:01状态
2025/04/02 13:45:11 - 自动测试 - INFO      - 开始测试
2025/04/02 13:45:11 - 自动测试 - INFO      - 执行测试步骤: LVDS视频测试准备
2025/04/02 13:45:11 - 自动测试 - ERROR     - Error executing step:LVDS视频测试准备- Missing or empty 'ch' attribute in step 'LVDS视频测试准备'
2025/04/02 13:45:13 - 自动测试 - INFO      - DELAY 2000 ms
2025/04/02 13:45:13 - 自动测试 - INFO      - 执行232发送10指令
2025/04/02 13:45:13 - 自动测试 - ERROR     - 232 communication error: Reply mismatch. Expected: Please input (0..3) :, Got: 
2025/04/02 13:45:13 - 自动测试 - INFO      - 执行232发送1指令
2025/04/02 13:45:13 - 自动测试 - ERROR     - 232 communication error: Reply mismatch. Expected: Please input (0..3) :, Got: 
2025/04/02 13:45:15 - 自动测试 - INFO      - DELAY 2000 ms
2025/04/02 13:45:15 - 自动测试 - INFO      - 测试执行步骤：LVDS-Map视频测试结果
2025/04/02 13:45:18 - 自动测试 - INFO      - DELAY 2000 ms
2025/04/02 13:45:19 - 自动测试 - INFO      - 执行232发送10指令
2025/04/02 13:45:19 - 自动测试 - ERROR     - 232 communication error: Reply mismatch. Expected: Please input (0..3) :, Got: 
2025/04/02 13:45:19 - 自动测试 - INFO      - 执行232发送2指令
2025/04/02 13:45:19 - 自动测试 - ERROR     - 232 communication error: Reply mismatch. Expected: Please input (0..3) :, Got: 
2025/04/02 13:45:19 - 自动测试 - INFO      - 测试执行步骤：LVDS-Video视频测试结果
2025/04/02 13:45:21 - 自动测试 - INFO      - DELAY 2000 ms
2025/04/02 13:45:21 - 自动测试 - INFO      - 执行232发送10指令
2025/04/02 13:45:21 - 自动测试 - ERROR     - 232 communication error: Reply mismatch. Expected: Please input (0..3) :, Got: 
2025/04/02 13:45:21 - 自动测试 - INFO      - 执行232发送3指令
2025/04/02 13:45:21 - 自动测试 - ERROR     - 232 communication error: Reply mismatch. Expected: Please input (0..3) :, Got: 
2025/04/02 13:45:21 - 自动测试 - INFO      - 测试执行步骤：LVDS-Color Bar视频测试结果
2025/04/02 13:45:25 - 自动测试 - INFO      - DELAY 2000 ms
2025/04/02 13:45:25 - 自动测试 - INFO      - 执行232发送0指令
2025/04/02 13:45:25 - 自动测试 - ERROR     - 232 communication error: Reply mismatch. Expected:    *   10-- VSM test       *     * * * * * * * * * * * * *         Please input (0..10) :, Got: 
2025/04/02 13:45:25 - 自动测试 - INFO      - 第 1 次测试执行完毕
2025/04/02 14:41:16 - 自动测试 - INFO      - 429状态:01状态
2025/04/02 14:41:24 - 自动测试 - INFO      - 开始测试
2025/04/02 14:41:24 - 自动测试 - INFO      - DELAY 500 ms
2025/04/02 14:41:24 - 自动测试 - INFO      - 执行232发送1指令
2025/04/02 14:41:24 - 自动测试 - ERROR     - 232 communication error: Neither cmd nor reply specified in attributes
2025/04/02 14:41:24 - 自动测试 - INFO      - 执行测试步骤: 1553通道AOUT0
2025/04/02 14:41:24 - 自动测试 - ERROR     - Error executing step:1553通道AOUT0- Missing or empty 'ch' attribute in step '1553通道AOUT0'
2025/04/02 14:41:25 - 自动测试 - INFO      - DELAY 1000 ms
2025/04/02 14:41:25 - 自动测试 - INFO      - 执行测试步骤: 0总线A通道测试
2025/04/02 14:41:25 - 自动测试 - ERROR     - Error executing step:0总线A通道测试- Missing or empty 'ch' attribute in step '0总线A通道测试'
2025/04/02 14:41:26 - 自动测试 - INFO      - DELAY 1000 ms
2025/04/02 14:41:26 - 自动测试 - INFO      - 执行232发送1指令
2025/04/02 14:41:26 - 自动测试 - ERROR     - 232 communication error: Neither cmd nor reply specified in attributes
2025/04/02 14:41:26 - 自动测试 - INFO      - 执行测试步骤: 1553通道BOUT0
2025/04/02 14:41:26 - 自动测试 - ERROR     - Error executing step:1553通道BOUT0- Missing or empty 'ch' attribute in step '1553通道BOUT0'
2025/04/02 14:41:27 - 自动测试 - INFO      - DELAY 1000 ms
2025/04/02 14:41:27 - 自动测试 - INFO      - 执行测试步骤: 0总线B通道测试
2025/04/02 14:41:27 - 自动测试 - ERROR     - Error executing step:0总线B通道测试- Missing or empty 'ch' attribute in step '0总线B通道测试'
2025/04/02 14:41:27 - 自动测试 - INFO      - 第 1 次测试执行完毕
2025/04/02 14:41:48 - 自动测试 - INFO      - 开始测试
2025/04/02 14:41:50 - 自动测试 - INFO      - DELAY 2000 ms
2025/04/02 14:41:50 - 自动测试 - INFO      - 执行232发送2指令
2025/04/02 14:41:50 - 自动测试 - ERROR     - 232 communication error: Neither cmd nor reply specified in attributes
2025/04/02 14:41:51 - 自动测试 - INFO      - DELAY 1000 ms
2025/04/02 14:41:51 - 自动测试 - INFO      - 执行232发送1指令
2025/04/02 14:41:51 - 自动测试 - ERROR     - 232 communication error: Reply mismatch. Expected: OK !, Got: 
2025/04/02 14:41:52 - 自动测试 - INFO      - DELAY 1000 ms
2025/04/02 14:41:52 - 自动测试 - INFO      - 执行232发送2指令
2025/04/02 14:41:52 - 自动测试 - ERROR     - 232 communication error: Reply mismatch. Expected: OK !, Got: 
2025/04/02 14:41:53 - 自动测试 - INFO      - DELAY 1000 ms
2025/04/02 14:41:53 - 自动测试 - INFO      - 执行232发送3指令
2025/04/02 14:41:53 - 自动测试 - ERROR     - 232 communication error: Reply mismatch. Expected: OK !, Got: 
2025/04/02 14:41:54 - 自动测试 - INFO      - DELAY 1000 ms
2025/04/02 14:41:54 - 自动测试 - INFO      - 执行测试步骤: 总线控制切换
2025/04/02 14:41:54 - 自动测试 - ERROR     - Error executing step:总线控制切换- could not convert string to float: '开路'
2025/04/02 14:41:54 - 自动测试 - INFO      - 执行测试步骤: RADIO_BIT
2025/04/02 14:41:54 - 自动测试 - ERROR     - Error executing step:RADIO_BIT- could not convert string to float: '开路'
2025/04/02 14:41:55 - 自动测试 - INFO      - DELAY 1000 ms
2025/04/02 14:41:55 - 自动测试 - INFO      - 执行232发送4指令
2025/04/02 14:41:55 - 自动测试 - ERROR     - 232 communication error: Reply mismatch. Expected: OK !, Got: 
2025/04/02 14:41:56 - 自动测试 - INFO      - DELAY 1000 ms
2025/04/02 14:41:56 - 自动测试 - INFO      - 执行232发送7指令
2025/04/02 14:41:56 - 自动测试 - ERROR     - 232 communication error: Reply mismatch. Expected: OK !, Got: 
2025/04/02 14:41:57 - 自动测试 - INFO      - DELAY 1000 ms
2025/04/02 14:41:57 - 自动测试 - INFO      - 执行测试步骤: 信标机飞跃近台
2025/04/02 14:41:57 - 自动测试 - ERROR     - Error executing step:信标机飞跃近台- could not convert string to float: '开路'
2025/04/02 14:41:57 - 自动测试 - INFO      - 执行测试步骤: 信标机飞跃中台
2025/04/02 14:41:57 - 自动测试 - ERROR     - Error executing step:信标机飞跃中台- could not convert string to float: '开路'
2025/04/02 14:41:57 - 自动测试 - INFO      - 执行测试步骤: 信标机飞跃远台
2025/04/02 14:41:57 - 自动测试 - ERROR     - Error executing step:信标机飞跃远台- could not convert string to float: '开路'
2025/04/02 14:41:57 - 自动测试 - INFO      - 执行测试步骤: 导航转换器状态
2025/04/02 14:41:57 - 自动测试 - ERROR     - Error executing step:导航转换器状态- could not convert string to float: '开路'
2025/04/02 14:41:57 - 自动测试 - INFO      - 执行测试步骤: 电台控制盒状态
2025/04/02 14:41:57 - 自动测试 - ERROR     - Error executing step:电台控制盒状态- could not convert string to float: '开路'
2025/04/02 14:41:57 - 自动测试 - INFO      - 执行测试步骤: 前舱导航模式
2025/04/02 14:41:57 - 自动测试 - ERROR     - Error executing step:前舱导航模式- could not convert string to float: '开路'
2025/04/02 14:41:57 - 自动测试 - INFO      - 执行测试步骤: 前舱A/A模式
2025/04/02 14:41:57 - 自动测试 - ERROR     - Error executing step:前舱A/A模式- could not convert string to float: '开路'
2025/04/02 14:41:57 - 自动测试 - INFO      - 执行测试步骤: 前舱A/G模式
2025/04/02 14:41:57 - 自动测试 - ERROR     - Error executing step:前舱A/G模式- could not convert string to float: '开路'
2025/04/02 14:41:57 - 自动测试 - INFO      - 执行测试步骤: 前舱目标标定激活
2025/04/02 14:41:57 - 自动测试 - ERROR     - Error executing step:前舱目标标定激活- could not convert string to float: '开路'
2025/04/02 14:41:57 - 自动测试 - INFO      - 执行测试步骤: 前舱PU-1
2025/04/02 14:41:57 - 自动测试 - ERROR     - Error executing step:前舱PU-1- could not convert string to float: '开路'
2025/04/02 14:41:57 - 自动测试 - INFO      - 执行测试步骤: 前舱MARK-1
2025/04/02 14:41:57 - 自动测试 - ERROR     - Error executing step:前舱MARK-1- could not convert string to float: '开路'
2025/04/02 14:41:57 - 自动测试 - INFO      - 执行测试步骤: 后舱PU-2
2025/04/02 14:41:57 - 自动测试 - ERROR     - Error executing step:后舱PU-2- could not convert string to float: '开路'
2025/04/02 14:41:57 - 自动测试 - INFO      - 执行测试步骤: 后舱MARK-2
2025/04/02 14:41:57 - 自动测试 - ERROR     - Error executing step:后舱MARK-2- could not convert string to float: '开路'
2025/04/02 14:41:57 - 自动测试 - INFO      - 执行测试步骤: 后舱目标标定激活
2025/04/02 14:41:57 - 自动测试 - ERROR     - Error executing step:后舱目标标定激活- could not convert string to float: '开路'
2025/04/02 14:41:57 - 自动测试 - INFO      - 执行测试步骤: 前舱显示同步/异步
2025/04/02 14:41:57 - 自动测试 - ERROR     - Error executing step:前舱显示同步/异步- could not convert string to float: '开路'
2025/04/02 14:41:57 - 自动测试 - INFO      - 执行测试步骤: 后舱显示同步/异步
2025/04/02 14:41:57 - 自动测试 - ERROR     - Error executing step:后舱显示同步/异步- could not convert string to float: '开路'
2025/04/02 14:41:57 - 自动测试 - INFO      - 执行测试步骤: 总线控制切换2
2025/04/02 14:41:57 - 自动测试 - ERROR     - Error executing step:总线控制切换2- could not convert string to float: '开路'
2025/04/02 14:41:57 - 自动测试 - INFO      - 执行测试步骤: 前起落架收起
2025/04/02 14:41:57 - 自动测试 - ERROR     - Error executing step:前起落架收起- could not convert string to float: '开路'
2025/04/02 14:41:57 - 自动测试 - INFO      - 执行测试步骤: 前起落架放下
2025/04/02 14:41:57 - 自动测试 - ERROR     - Error executing step:前起落架放下- could not convert string to float: '开路'
2025/04/02 14:41:57 - 自动测试 - INFO      - 执行测试步骤: 左起落架收起
2025/04/02 14:41:57 - 自动测试 - ERROR     - Error executing step:左起落架收起- could not convert string to float: '开路'
2025/04/02 14:41:57 - 自动测试 - INFO      - 执行测试步骤: 左起落架放下
2025/04/02 14:41:57 - 自动测试 - ERROR     - Error executing step:左起落架放下- could not convert string to float: '开路'
2025/04/02 14:41:57 - 自动测试 - INFO      - 执行测试步骤: 右起落架收起
2025/04/02 14:41:57 - 自动测试 - ERROR     - Error executing step:右起落架收起- could not convert string to float: '开路'
2025/04/02 14:41:57 - 自动测试 - INFO      - 执行测试步骤: 右起落架放下
2025/04/02 14:41:57 - 自动测试 - ERROR     - Error executing step:右起落架放下- could not convert string to float: '开路'
2025/04/02 14:41:57 - 自动测试 - INFO      - 执行测试步骤: 左轮轮载
2025/04/02 14:41:57 - 自动测试 - ERROR     - Error executing step:左轮轮载- could not convert string to float: '开路'
2025/04/02 14:41:57 - 自动测试 - INFO      - 执行测试步骤: 右轮轮载
2025/04/02 14:41:57 - 自动测试 - ERROR     - Error executing step:右轮轮载- could not convert string to float: '开路'
2025/04/02 14:41:57 - 自动测试 - INFO      - 执行测试步骤: MMC状态
2025/04/02 14:41:57 - 自动测试 - INFO      - 执行测试步骤: 高度表低限告警
2025/04/02 14:41:57 - 自动测试 - ERROR     - Error executing step:高度表低限告警- could not convert string to float: '开路'
2025/04/02 14:41:57 - 自动测试 - INFO      - 执行测试步骤: 高度表自检
2025/04/02 14:41:57 - 自动测试 - ERROR     - Error executing step:高度表自检- could not convert string to float: '开路'
2025/04/02 14:41:57 - 自动测试 - INFO      - 执行测试步骤: DTC卡在位
2025/04/02 14:41:57 - 自动测试 - ERROR     - Error executing step:DTC卡在位- could not convert string to float: '开路'
2025/04/02 14:41:57 - 自动测试 - INFO      - 执行测试步骤: 总线控制切换
2025/04/02 14:41:57 - 自动测试 - ERROR     - Error executing step:总线控制切换- could not convert string to float: '地'
2025/04/02 14:41:57 - 自动测试 - ERROR     - 232 communication error: Reply mismatch. Expected:    *   10-- VSM test       *     * * * * * * * * * * * * *         Please input (0..10) :, Got: 
2025/04/02 14:41:57 - 自动测试 - INFO      - 执行测试步骤: MMC状态
2025/04/02 14:41:57 - 自动测试 - ERROR     - Error executing step:MMC状态- could not convert string to float: 'FFFF'
2025/04/02 14:41:59 - 自动测试 - INFO      - DELAY 2000 ms
2025/04/02 14:41:59 - 自动测试 - INFO      - 执行测试步骤: 总线控制切换
2025/04/02 14:41:59 - 自动测试 - ERROR     - Error executing step:总线控制切换- could not convert string to float: '开路'
2025/04/02 14:41:59 - 自动测试 - INFO      - 执行232发送0指令
2025/04/02 14:41:59 - 自动测试 - ERROR     - 232 communication error: Reply mismatch. Expected: IOC_Bit: OK!, Got: 
2025/04/02 14:41:59 - 自动测试 - INFO      - 第 1 次测试执行完毕
2025/04/02 14:42:01 - 自动测试 - INFO      - DELAY 2000 ms
2025/04/02 14:42:01 - 自动测试 - INFO      - 执行232发送2指令
2025/04/02 14:42:01 - 自动测试 - ERROR     - 232 communication error: Neither cmd nor reply specified in attributes
2025/04/02 14:42:02 - 自动测试 - INFO      - DELAY 1000 ms
2025/04/02 14:42:02 - 自动测试 - INFO      - 执行232发送1指令
2025/04/02 14:42:02 - 自动测试 - ERROR     - 232 communication error: Reply mismatch. Expected: OK !, Got: 
2025/04/02 14:42:03 - 自动测试 - INFO      - DELAY 1000 ms
2025/04/02 14:42:03 - 自动测试 - INFO      - 执行232发送2指令
2025/04/02 14:42:03 - 自动测试 - ERROR     - 232 communication error: Reply mismatch. Expected: OK !, Got: 
2025/04/02 14:42:04 - 自动测试 - INFO      - DELAY 1000 ms
2025/04/02 14:42:04 - 自动测试 - INFO      - 执行232发送3指令
2025/04/02 14:42:04 - 自动测试 - ERROR     - 232 communication error: Reply mismatch. Expected: OK !, Got: 
2025/04/02 14:42:05 - 自动测试 - INFO      - DELAY 1000 ms
2025/04/02 14:42:05 - 自动测试 - INFO      - 执行测试步骤: 总线控制切换
2025/04/02 14:42:05 - 自动测试 - ERROR     - Error executing step:总线控制切换- could not convert string to float: '开路'
2025/04/02 14:42:05 - 自动测试 - INFO      - 执行测试步骤: RADIO_BIT
2025/04/02 14:42:05 - 自动测试 - ERROR     - Error executing step:RADIO_BIT- could not convert string to float: '开路'
2025/04/02 14:42:06 - 自动测试 - INFO      - DELAY 1000 ms
2025/04/02 14:42:06 - 自动测试 - INFO      - 执行232发送4指令
2025/04/02 14:42:06 - 自动测试 - ERROR     - 232 communication error: Reply mismatch. Expected: OK !, Got: 
2025/04/02 14:42:07 - 自动测试 - INFO      - DELAY 1000 ms
2025/04/02 14:42:07 - 自动测试 - INFO      - 执行232发送7指令
2025/04/02 14:42:07 - 自动测试 - ERROR     - 232 communication error: Reply mismatch. Expected: OK !, Got: 
2025/04/02 14:42:08 - 自动测试 - INFO      - DELAY 1000 ms
2025/04/02 14:42:08 - 自动测试 - INFO      - 执行测试步骤: 信标机飞跃近台
2025/04/02 14:42:08 - 自动测试 - ERROR     - Error executing step:信标机飞跃近台- could not convert string to float: '开路'
2025/04/02 14:42:08 - 自动测试 - INFO      - 执行测试步骤: 信标机飞跃中台
2025/04/02 14:42:08 - 自动测试 - ERROR     - Error executing step:信标机飞跃中台- could not convert string to float: '开路'
2025/04/02 14:42:08 - 自动测试 - INFO      - 执行测试步骤: 信标机飞跃远台
2025/04/02 14:42:08 - 自动测试 - ERROR     - Error executing step:信标机飞跃远台- could not convert string to float: '开路'
2025/04/02 14:42:08 - 自动测试 - INFO      - 执行测试步骤: 导航转换器状态
2025/04/02 14:42:08 - 自动测试 - ERROR     - Error executing step:导航转换器状态- could not convert string to float: '开路'
2025/04/02 14:42:08 - 自动测试 - INFO      - 执行测试步骤: 电台控制盒状态
2025/04/02 14:42:08 - 自动测试 - ERROR     - Error executing step:电台控制盒状态- could not convert string to float: '开路'
2025/04/02 14:42:08 - 自动测试 - INFO      - 执行测试步骤: 前舱导航模式
2025/04/02 14:42:08 - 自动测试 - ERROR     - Error executing step:前舱导航模式- could not convert string to float: '开路'
2025/04/02 14:42:08 - 自动测试 - INFO      - 执行测试步骤: 前舱A/A模式
2025/04/02 14:42:08 - 自动测试 - ERROR     - Error executing step:前舱A/A模式- could not convert string to float: '开路'
2025/04/02 14:42:08 - 自动测试 - INFO      - 执行测试步骤: 前舱A/G模式
2025/04/02 14:42:08 - 自动测试 - ERROR     - Error executing step:前舱A/G模式- could not convert string to float: '开路'
2025/04/02 14:42:08 - 自动测试 - INFO      - 执行测试步骤: 前舱目标标定激活
2025/04/02 14:42:08 - 自动测试 - ERROR     - Error executing step:前舱目标标定激活- could not convert string to float: '开路'
2025/04/02 14:42:08 - 自动测试 - INFO      - 执行测试步骤: 前舱PU-1
2025/04/02 14:42:08 - 自动测试 - ERROR     - Error executing step:前舱PU-1- could not convert string to float: '开路'
2025/04/02 14:42:08 - 自动测试 - INFO      - 执行测试步骤: 前舱MARK-1
2025/04/02 14:42:08 - 自动测试 - ERROR     - Error executing step:前舱MARK-1- could not convert string to float: '开路'
2025/04/02 14:42:08 - 自动测试 - INFO      - 执行测试步骤: 后舱PU-2
2025/04/02 14:42:08 - 自动测试 - ERROR     - Error executing step:后舱PU-2- could not convert string to float: '开路'
2025/04/02 14:42:08 - 自动测试 - INFO      - 执行测试步骤: 后舱MARK-2
2025/04/02 14:42:08 - 自动测试 - ERROR     - Error executing step:后舱MARK-2- could not convert string to float: '开路'
2025/04/02 14:42:08 - 自动测试 - INFO      - 执行测试步骤: 后舱目标标定激活
2025/04/02 14:42:08 - 自动测试 - ERROR     - Error executing step:后舱目标标定激活- could not convert string to float: '开路'
2025/04/02 14:42:08 - 自动测试 - INFO      - 执行测试步骤: 前舱显示同步/异步
2025/04/02 14:42:08 - 自动测试 - ERROR     - Error executing step:前舱显示同步/异步- could not convert string to float: '开路'
2025/04/02 14:42:08 - 自动测试 - INFO      - 执行测试步骤: 后舱显示同步/异步
2025/04/02 14:42:08 - 自动测试 - ERROR     - Error executing step:后舱显示同步/异步- could not convert string to float: '开路'
2025/04/02 14:42:08 - 自动测试 - INFO      - 执行测试步骤: 总线控制切换2
2025/04/02 14:42:08 - 自动测试 - ERROR     - Error executing step:总线控制切换2- could not convert string to float: '开路'
2025/04/02 14:42:08 - 自动测试 - INFO      - 执行测试步骤: 前起落架收起
2025/04/02 14:42:08 - 自动测试 - ERROR     - Error executing step:前起落架收起- could not convert string to float: '开路'
2025/04/02 14:42:08 - 自动测试 - INFO      - 执行测试步骤: 前起落架放下
2025/04/02 14:42:08 - 自动测试 - ERROR     - Error executing step:前起落架放下- could not convert string to float: '开路'
2025/04/02 14:42:08 - 自动测试 - INFO      - 执行测试步骤: 左起落架收起
2025/04/02 14:42:08 - 自动测试 - ERROR     - Error executing step:左起落架收起- could not convert string to float: '开路'
2025/04/02 14:42:08 - 自动测试 - INFO      - 执行测试步骤: 左起落架放下
2025/04/02 14:42:08 - 自动测试 - ERROR     - Error executing step:左起落架放下- could not convert string to float: '开路'
2025/04/02 14:42:08 - 自动测试 - INFO      - 执行测试步骤: 右起落架收起
2025/04/02 14:42:08 - 自动测试 - ERROR     - Error executing step:右起落架收起- could not convert string to float: '开路'
2025/04/02 14:42:08 - 自动测试 - INFO      - 执行测试步骤: 右起落架放下
2025/04/02 14:42:08 - 自动测试 - ERROR     - Error executing step:右起落架放下- could not convert string to float: '开路'
2025/04/02 14:42:08 - 自动测试 - INFO      - 执行测试步骤: 左轮轮载
2025/04/02 14:42:08 - 自动测试 - ERROR     - Error executing step:左轮轮载- could not convert string to float: '开路'
2025/04/02 14:42:08 - 自动测试 - INFO      - 执行测试步骤: 右轮轮载
2025/04/02 14:42:08 - 自动测试 - ERROR     - Error executing step:右轮轮载- could not convert string to float: '开路'
2025/04/02 14:42:08 - 自动测试 - INFO      - 执行测试步骤: MMC状态
2025/04/02 14:42:08 - 自动测试 - INFO      - 执行测试步骤: 高度表低限告警
2025/04/02 14:42:08 - 自动测试 - ERROR     - Error executing step:高度表低限告警- could not convert string to float: '开路'
2025/04/02 14:42:08 - 自动测试 - INFO      - 执行测试步骤: 高度表自检
2025/04/02 14:42:08 - 自动测试 - ERROR     - Error executing step:高度表自检- could not convert string to float: '开路'
2025/04/02 14:42:08 - 自动测试 - INFO      - 执行测试步骤: DTC卡在位
2025/04/02 14:42:08 - 自动测试 - ERROR     - Error executing step:DTC卡在位- could not convert string to float: '开路'
2025/04/02 14:42:08 - 自动测试 - INFO      - 执行测试步骤: 总线控制切换
2025/04/02 14:42:08 - 自动测试 - ERROR     - Error executing step:总线控制切换- could not convert string to float: '地'
2025/04/02 14:42:08 - 自动测试 - ERROR     - 232 communication error: Reply mismatch. Expected:    *   10-- VSM test       *     * * * * * * * * * * * * *         Please input (0..10) :, Got: 
2025/04/02 14:42:08 - 自动测试 - INFO      - 执行测试步骤: MMC状态
2025/04/02 14:42:08 - 自动测试 - ERROR     - Error executing step:MMC状态- could not convert string to float: 'FFFF'
2025/04/02 14:42:10 - 自动测试 - INFO      - DELAY 2000 ms
2025/04/02 14:42:10 - 自动测试 - INFO      - 执行测试步骤: 总线控制切换
2025/04/02 14:42:10 - 自动测试 - ERROR     - Error executing step:总线控制切换- could not convert string to float: '开路'
2025/04/02 14:42:10 - 自动测试 - INFO      - 执行232发送0指令
2025/04/02 14:42:10 - 自动测试 - ERROR     - 232 communication error: Reply mismatch. Expected: IOC_Bit: OK!, Got: 
2025/04/02 14:42:10 - 自动测试 - INFO      - 第 2 次测试执行完毕
2025/04/02 14:42:12 - 自动测试 - INFO      - DELAY 2000 ms
2025/04/02 14:42:12 - 自动测试 - INFO      - 执行232发送2指令
2025/04/02 14:42:12 - 自动测试 - ERROR     - 232 communication error: Neither cmd nor reply specified in attributes
2025/04/02 14:42:13 - 自动测试 - INFO      - DELAY 1000 ms
2025/04/02 14:42:13 - 自动测试 - INFO      - 执行232发送1指令
2025/04/02 14:42:13 - 自动测试 - ERROR     - 232 communication error: Reply mismatch. Expected: OK !, Got: 
2025/04/02 14:42:14 - 自动测试 - INFO      - DELAY 1000 ms
2025/04/02 14:42:14 - 自动测试 - INFO      - 执行232发送2指令
2025/04/02 14:42:14 - 自动测试 - ERROR     - 232 communication error: Reply mismatch. Expected: OK !, Got: 
2025/04/02 14:42:15 - 自动测试 - INFO      - DELAY 1000 ms
2025/04/02 14:42:15 - 自动测试 - INFO      - 执行232发送3指令
2025/04/02 14:42:15 - 自动测试 - ERROR     - 232 communication error: Reply mismatch. Expected: OK !, Got: 
2025/04/02 14:42:17 - 自动测试 - INFO      - DELAY 1000 ms
2025/04/02 14:42:17 - 自动测试 - INFO      - 执行测试步骤: 总线控制切换
2025/04/02 14:42:17 - 自动测试 - ERROR     - Error executing step:总线控制切换- could not convert string to float: '开路'
2025/04/02 14:42:17 - 自动测试 - INFO      - 执行测试步骤: RADIO_BIT
2025/04/02 14:42:17 - 自动测试 - ERROR     - Error executing step:RADIO_BIT- could not convert string to float: '开路'
2025/04/02 14:42:18 - 自动测试 - INFO      - DELAY 1000 ms
2025/04/02 14:42:18 - 自动测试 - INFO      - 执行232发送4指令
2025/04/02 14:42:18 - 自动测试 - ERROR     - 232 communication error: Reply mismatch. Expected: OK !, Got: 
2025/04/02 14:42:19 - 自动测试 - INFO      - DELAY 1000 ms
2025/04/02 14:42:19 - 自动测试 - INFO      - 执行232发送7指令
2025/04/02 14:42:19 - 自动测试 - ERROR     - 232 communication error: Reply mismatch. Expected: OK !, Got: 
2025/04/02 14:42:20 - 自动测试 - INFO      - DELAY 1000 ms
2025/04/02 14:42:20 - 自动测试 - INFO      - 执行测试步骤: 信标机飞跃近台
2025/04/02 14:42:20 - 自动测试 - ERROR     - Error executing step:信标机飞跃近台- could not convert string to float: '开路'
2025/04/02 14:42:20 - 自动测试 - INFO      - 执行测试步骤: 信标机飞跃中台
2025/04/02 14:42:20 - 自动测试 - ERROR     - Error executing step:信标机飞跃中台- could not convert string to float: '开路'
2025/04/02 14:42:20 - 自动测试 - INFO      - 执行测试步骤: 信标机飞跃远台
2025/04/02 14:42:20 - 自动测试 - ERROR     - Error executing step:信标机飞跃远台- could not convert string to float: '开路'
2025/04/02 14:42:20 - 自动测试 - INFO      - 执行测试步骤: 导航转换器状态
2025/04/02 14:42:20 - 自动测试 - ERROR     - Error executing step:导航转换器状态- could not convert string to float: '开路'
2025/04/02 14:42:20 - 自动测试 - INFO      - 执行测试步骤: 电台控制盒状态
2025/04/02 14:42:20 - 自动测试 - ERROR     - Error executing step:电台控制盒状态- could not convert string to float: '开路'
2025/04/02 14:42:20 - 自动测试 - INFO      - 执行测试步骤: 前舱导航模式
2025/04/02 14:42:20 - 自动测试 - ERROR     - Error executing step:前舱导航模式- could not convert string to float: '开路'
2025/04/02 14:42:20 - 自动测试 - INFO      - 执行测试步骤: 前舱A/A模式
2025/04/02 14:42:20 - 自动测试 - ERROR     - Error executing step:前舱A/A模式- could not convert string to float: '开路'
2025/04/02 14:42:20 - 自动测试 - INFO      - 执行测试步骤: 前舱A/G模式
2025/04/02 14:42:20 - 自动测试 - ERROR     - Error executing step:前舱A/G模式- could not convert string to float: '开路'
2025/04/02 14:42:20 - 自动测试 - INFO      - 执行测试步骤: 前舱目标标定激活
2025/04/02 14:42:20 - 自动测试 - ERROR     - Error executing step:前舱目标标定激活- could not convert string to float: '开路'
2025/04/02 14:42:20 - 自动测试 - INFO      - 执行测试步骤: 前舱PU-1
2025/04/02 14:42:20 - 自动测试 - ERROR     - Error executing step:前舱PU-1- could not convert string to float: '开路'
2025/04/02 14:42:20 - 自动测试 - INFO      - 执行测试步骤: 前舱MARK-1
2025/04/02 14:42:20 - 自动测试 - ERROR     - Error executing step:前舱MARK-1- could not convert string to float: '开路'
2025/04/02 14:42:20 - 自动测试 - INFO      - 执行测试步骤: 后舱PU-2
2025/04/02 14:42:20 - 自动测试 - ERROR     - Error executing step:后舱PU-2- could not convert string to float: '开路'
2025/04/02 14:42:20 - 自动测试 - INFO      - 执行测试步骤: 后舱MARK-2
2025/04/02 14:42:20 - 自动测试 - ERROR     - Error executing step:后舱MARK-2- could not convert string to float: '开路'
2025/04/02 14:42:20 - 自动测试 - INFO      - 执行测试步骤: 后舱目标标定激活
2025/04/02 14:42:20 - 自动测试 - ERROR     - Error executing step:后舱目标标定激活- could not convert string to float: '开路'
2025/04/02 14:42:20 - 自动测试 - INFO      - 执行测试步骤: 前舱显示同步/异步
2025/04/02 14:42:20 - 自动测试 - ERROR     - Error executing step:前舱显示同步/异步- could not convert string to float: '开路'
2025/04/02 14:42:20 - 自动测试 - INFO      - 执行测试步骤: 后舱显示同步/异步
2025/04/02 14:42:20 - 自动测试 - ERROR     - Error executing step:后舱显示同步/异步- could not convert string to float: '开路'
2025/04/02 14:42:20 - 自动测试 - INFO      - 执行测试步骤: 总线控制切换2
2025/04/02 14:42:20 - 自动测试 - ERROR     - Error executing step:总线控制切换2- could not convert string to float: '开路'
2025/04/02 14:42:20 - 自动测试 - INFO      - 执行测试步骤: 前起落架收起
2025/04/02 14:42:20 - 自动测试 - ERROR     - Error executing step:前起落架收起- could not convert string to float: '开路'
2025/04/02 14:42:20 - 自动测试 - INFO      - 执行测试步骤: 前起落架放下
2025/04/02 14:42:20 - 自动测试 - ERROR     - Error executing step:前起落架放下- could not convert string to float: '开路'
2025/04/02 14:42:20 - 自动测试 - INFO      - 执行测试步骤: 左起落架收起
2025/04/02 14:42:20 - 自动测试 - ERROR     - Error executing step:左起落架收起- could not convert string to float: '开路'
2025/04/02 14:42:20 - 自动测试 - INFO      - 执行测试步骤: 左起落架放下
2025/04/02 14:42:20 - 自动测试 - ERROR     - Error executing step:左起落架放下- could not convert string to float: '开路'
2025/04/02 14:42:20 - 自动测试 - INFO      - 执行测试步骤: 右起落架收起
2025/04/02 14:42:20 - 自动测试 - ERROR     - Error executing step:右起落架收起- could not convert string to float: '开路'
2025/04/02 14:42:20 - 自动测试 - INFO      - 执行测试步骤: 右起落架放下
2025/04/02 14:42:20 - 自动测试 - ERROR     - Error executing step:右起落架放下- could not convert string to float: '开路'
2025/04/02 14:42:20 - 自动测试 - INFO      - 执行测试步骤: 左轮轮载
2025/04/02 14:42:20 - 自动测试 - ERROR     - Error executing step:左轮轮载- could not convert string to float: '开路'
2025/04/02 14:42:20 - 自动测试 - INFO      - 执行测试步骤: 右轮轮载
2025/04/02 14:42:20 - 自动测试 - ERROR     - Error executing step:右轮轮载- could not convert string to float: '开路'
2025/04/02 14:42:20 - 自动测试 - INFO      - 执行测试步骤: MMC状态
2025/04/02 14:42:20 - 自动测试 - INFO      - 执行测试步骤: 高度表低限告警
2025/04/02 14:42:20 - 自动测试 - ERROR     - Error executing step:高度表低限告警- could not convert string to float: '开路'
2025/04/02 14:42:20 - 自动测试 - INFO      - 执行测试步骤: 高度表自检
2025/04/02 14:42:20 - 自动测试 - ERROR     - Error executing step:高度表自检- could not convert string to float: '开路'
2025/04/02 14:42:20 - 自动测试 - INFO      - 执行测试步骤: DTC卡在位
2025/04/02 14:42:20 - 自动测试 - ERROR     - Error executing step:DTC卡在位- could not convert string to float: '开路'
2025/04/02 14:42:20 - 自动测试 - INFO      - 执行测试步骤: 总线控制切换
2025/04/02 14:42:20 - 自动测试 - ERROR     - Error executing step:总线控制切换- could not convert string to float: '地'
2025/04/02 14:42:20 - 自动测试 - ERROR     - 232 communication error: Reply mismatch. Expected:    *   10-- VSM test       *     * * * * * * * * * * * * *         Please input (0..10) :, Got: 
2025/04/02 14:42:20 - 自动测试 - INFO      - 执行测试步骤: MMC状态
2025/04/02 14:42:20 - 自动测试 - ERROR     - Error executing step:MMC状态- could not convert string to float: 'FFFF'
2025/04/02 14:42:22 - 自动测试 - INFO      - DELAY 2000 ms
2025/04/02 14:42:22 - 自动测试 - INFO      - 执行测试步骤: 总线控制切换
2025/04/02 14:42:22 - 自动测试 - ERROR     - Error executing step:总线控制切换- could not convert string to float: '开路'
2025/04/02 14:42:22 - 自动测试 - INFO      - 执行232发送0指令
2025/04/02 14:42:22 - 自动测试 - ERROR     - 232 communication error: Reply mismatch. Expected: IOC_Bit: OK!, Got: 
2025/04/02 14:42:22 - 自动测试 - INFO      - 第 3 次测试执行完毕
